2024-09-22T12:18:53.226+07:00  INFO 1632 --- [restartedMain] com.project.apolo11.Apolo11Application   : Starting Apolo11Application using Java 17.0.10 with PID 1632 (D:\Aptech\Sem_4\Apolo11\TechWitz-API\target\classes started by Admin in D:\Aptech\Sem_4\Apolo11\TechWitz-API)
2024-09-22T12:18:53.253+07:00  INFO 1632 --- [restartedMain] com.project.apolo11.Apolo11Application   : No active profile set, falling back to 1 default profile: "default"
2024-09-22T12:18:53.373+07:00  INFO 1632 --- [restartedMain] .e.DevToolsPropertyDefaultsPostProcessor : Devtools property defaults active! Set 'spring.devtools.add-properties' to 'false' to disable
2024-09-22T12:18:53.375+07:00  INFO 1632 --- [restartedMain] .e.DevToolsPropertyDefaultsPostProcessor : For additional web related logging consider setting the 'logging.level.web' property to 'DEBUG'
2024-09-22T12:18:57.077+07:00  INFO 1632 --- [restartedMain] .s.d.r.c.RepositoryConfigurationDelegate : Multiple Spring Data modules found, entering strict repository configuration mode
2024-09-22T12:18:57.089+07:00  INFO 1632 --- [restartedMain] .s.d.r.c.RepositoryConfigurationDelegate : Bootstrapping Spring Data Redis repositories in DEFAULT mode.
2024-09-22T12:18:57.342+07:00  INFO 1632 --- [restartedMain] .s.d.r.c.RepositoryConfigurationDelegate : Finished Spring Data repository scanning in 134 ms. Found 0 Redis repository interfaces.
2024-09-22T12:19:00.639+07:00  INFO 1632 --- [restartedMain] o.s.b.w.embedded.tomcat.TomcatWebServer  : Tomcat initialized with port 8080 (http)
2024-09-22T12:19:00.687+07:00  INFO 1632 --- [restartedMain] o.apache.catalina.core.StandardService   : Starting service [Tomcat]
2024-09-22T12:19:00.688+07:00  INFO 1632 --- [restartedMain] o.apache.catalina.core.StandardEngine    : Starting Servlet engine: [Apache Tomcat/10.1.24]
2024-09-22T12:19:01.070+07:00  INFO 1632 --- [restartedMain] o.a.c.c.C.[Tomcat].[localhost].[/]       : Initializing Spring embedded WebApplicationContext
2024-09-22T12:19:01.071+07:00  INFO 1632 --- [restartedMain] w.s.c.ServletWebServerApplicationContext : Root WebApplicationContext: initialization completed in 7695 ms
2024-09-22T12:19:02.882+07:00  INFO 1632 --- [restartedMain] o.s.s.web.DefaultSecurityFilterChain     : Will secure any request with [org.springframework.security.web.session.DisableEncodeUrlFilter@4ecb82d, org.springframework.security.web.context.request.async.WebAsyncManagerIntegrationFilter@7d77a1fe, org.springframework.security.web.context.SecurityContextHolderFilter@4732f765, org.springframework.security.web.header.HeaderWriterFilter@5dd4fd9b, org.springframework.web.filter.CorsFilter@7f78651, org.springframework.security.web.authentication.logout.LogoutFilter@4cc767a9, org.springframework.security.web.savedrequest.RequestCacheAwareFilter@2f2efe2e, org.springframework.security.web.servletapi.SecurityContextHolderAwareRequestFilter@7a3b3da5, org.springframework.security.web.authentication.AnonymousAuthenticationFilter@4a265259, org.springframework.security.web.session.SessionManagementFilter@5a3db5a0, org.springframework.security.web.access.ExceptionTranslationFilter@2e12c485, org.springframework.security.web.access.intercept.FilterSecurityInterceptor@490abc64]
2024-09-22T12:19:05.430+07:00  INFO 1632 --- [restartedMain] o.s.b.d.a.OptionalLiveReloadServer       : LiveReload server is running on port 35729
2024-09-22T12:19:05.490+07:00  INFO 1632 --- [restartedMain] o.s.b.w.embedded.tomcat.TomcatWebServer  : Tomcat started on port 8080 (http) with context path '/'
2024-09-22T12:19:05.521+07:00  INFO 1632 --- [restartedMain] com.project.apolo11.Apolo11Application   : Started Apolo11Application in 13.242 seconds (process running for 15.282)
2024-09-22T13:11:53.517+07:00  INFO 1632 --- [http-nio-8080-exec-1] o.a.c.c.C.[Tomcat].[localhost].[/]       : Initializing Spring DispatcherServlet 'dispatcherServlet'
2024-09-22T13:11:53.529+07:00  INFO 1632 --- [http-nio-8080-exec-1] o.s.web.servlet.DispatcherServlet        : Initializing Servlet 'dispatcherServlet'
2024-09-22T13:11:53.579+07:00  INFO 1632 --- [http-nio-8080-exec-1] o.s.web.servlet.DispatcherServlet        : Completed initialization in 47 ms
2024-09-22T13:18:35.547+07:00  WARN 1632 --- [http-nio-8080-exec-5] .m.m.a.ExceptionHandlerExceptionResolver : Resolved [org.springframework.web.context.request.async.AsyncRequestNotUsableException: ServletOutputStream failed to flush: java.io.IOException: The current thread was interrupted]
2024-09-22T13:19:09.387+07:00  WARN 1632 --- [http-nio-8080-exec-9] .m.m.a.ExceptionHandlerExceptionResolver : Resolved [org.springframework.web.context.request.async.AsyncRequestNotUsableException: ServletOutputStream failed to flush: java.io.IOException: The current thread was interrupted]
2024-09-22T13:25:26.581+07:00  WARN 1632 --- [http-nio-8080-exec-6] .m.m.a.ExceptionHandlerExceptionResolver : Resolved [org.springframework.web.context.request.async.AsyncRequestNotUsableException: ServletOutputStream failed to flush: java.io.IOException: The current thread was interrupted]
2024-09-22T13:25:36.660+07:00  WARN 1632 --- [http-nio-8080-exec-7] .m.m.a.ExceptionHandlerExceptionResolver : Resolved [org.springframework.web.context.request.async.AsyncRequestNotUsableException: ServletOutputStream failed to flush: java.io.IOException: The current thread was interrupted]
2024-09-22T13:25:56.547+07:00  WARN 1632 --- [http-nio-8080-exec-10] .m.m.a.ExceptionHandlerExceptionResolver : Resolved [org.springframework.web.context.request.async.AsyncRequestNotUsableException: ServletOutputStream failed to flush: java.io.IOException: The current thread was interrupted]
2024-09-22T13:27:06.613+07:00  INFO 17188 --- [restartedMain] com.project.apolo11.Apolo11Application   : Starting Apolo11Application using Java 17.0.10 with PID 17188 (D:\Aptech\Sem_4\Apolo11\TechWitz-API\target\classes started by Admin in D:\Aptech\Sem_4\Apolo11\TechWitz-API)
2024-09-22T13:27:06.634+07:00  INFO 17188 --- [restartedMain] com.project.apolo11.Apolo11Application   : No active profile set, falling back to 1 default profile: "default"
2024-09-22T13:27:06.817+07:00  INFO 17188 --- [restartedMain] .e.DevToolsPropertyDefaultsPostProcessor : Devtools property defaults active! Set 'spring.devtools.add-properties' to 'false' to disable
2024-09-22T13:27:06.818+07:00  INFO 17188 --- [restartedMain] .e.DevToolsPropertyDefaultsPostProcessor : For additional web related logging consider setting the 'logging.level.web' property to 'DEBUG'
2024-09-22T13:27:08.250+07:00  INFO 17188 --- [restartedMain] .s.d.r.c.RepositoryConfigurationDelegate : Multiple Spring Data modules found, entering strict repository configuration mode
2024-09-22T13:27:08.255+07:00  INFO 17188 --- [restartedMain] .s.d.r.c.RepositoryConfigurationDelegate : Bootstrapping Spring Data Redis repositories in DEFAULT mode.
2024-09-22T13:27:08.318+07:00  INFO 17188 --- [restartedMain] .s.d.r.c.RepositoryConfigurationDelegate : Finished Spring Data repository scanning in 34 ms. Found 0 Redis repository interfaces.
2024-09-22T13:27:09.390+07:00  INFO 17188 --- [restartedMain] o.s.b.w.embedded.tomcat.TomcatWebServer  : Tomcat initialized with port 8080 (http)
2024-09-22T13:27:09.416+07:00  INFO 17188 --- [restartedMain] o.apache.catalina.core.StandardService   : Starting service [Tomcat]
2024-09-22T13:27:09.416+07:00  INFO 17188 --- [restartedMain] o.apache.catalina.core.StandardEngine    : Starting Servlet engine: [Apache Tomcat/10.1.24]
2024-09-22T13:27:09.541+07:00  INFO 17188 --- [restartedMain] o.a.c.c.C.[Tomcat].[localhost].[/]       : Initializing Spring embedded WebApplicationContext
2024-09-22T13:27:09.543+07:00  INFO 17188 --- [restartedMain] w.s.c.ServletWebServerApplicationContext : Root WebApplicationContext: initialization completed in 2725 ms
2024-09-22T13:27:10.817+07:00  INFO 17188 --- [restartedMain] o.s.s.web.DefaultSecurityFilterChain     : Will secure any request with [org.springframework.security.web.session.DisableEncodeUrlFilter@60d49196, org.springframework.security.web.context.request.async.WebAsyncManagerIntegrationFilter@6c34f1b, org.springframework.security.web.context.SecurityContextHolderFilter@4d85ab0f, org.springframework.security.web.header.HeaderWriterFilter@10feb7b2, org.springframework.web.filter.CorsFilter@382dc21, org.springframework.security.web.authentication.logout.LogoutFilter@5707cc88, org.springframework.security.web.savedrequest.RequestCacheAwareFilter@7ef9ca62, org.springframework.security.web.servletapi.SecurityContextHolderAwareRequestFilter@74c3dd1c, org.springframework.security.web.authentication.AnonymousAuthenticationFilter@6a50e0e5, org.springframework.security.web.session.SessionManagementFilter@25750962, org.springframework.security.web.access.ExceptionTranslationFilter@5ee8a84e, org.springframework.security.web.access.intercept.FilterSecurityInterceptor@26c635c4]
2024-09-22T13:27:15.558+07:00  INFO 17188 --- [restartedMain] o.s.b.d.a.OptionalLiveReloadServer       : LiveReload server is running on port 35729
2024-09-22T13:27:15.607+07:00  INFO 17188 --- [restartedMain] o.s.b.w.embedded.tomcat.TomcatWebServer  : Tomcat started on port 8080 (http) with context path '/'
2024-09-22T13:27:15.633+07:00  INFO 17188 --- [restartedMain] com.project.apolo11.Apolo11Application   : Started Apolo11Application in 10.18 seconds (process running for 11.905)
2024-09-22T13:27:18.902+07:00  INFO 17188 --- [http-nio-8080-exec-1] o.a.c.c.C.[Tomcat].[localhost].[/]       : Initializing Spring DispatcherServlet 'dispatcherServlet'
2024-09-22T13:27:18.903+07:00  INFO 17188 --- [http-nio-8080-exec-1] o.s.web.servlet.DispatcherServlet        : Initializing Servlet 'dispatcherServlet'
2024-09-22T13:27:18.905+07:00  INFO 17188 --- [http-nio-8080-exec-1] o.s.web.servlet.DispatcherServlet        : Completed initialization in 2 ms
2024-09-22T14:03:42.249+07:00  INFO 19276 --- [restartedMain] com.project.apolo11.Apolo11Application   : Starting Apolo11Application using Java 17.0.10 with PID 19276 (D:\Aptech\Sem_4\Apolo11\TechWitz-API\target\classes started by Admin in D:\Aptech\Sem_4\Apolo11\TechWitz-API)
2024-09-22T14:03:42.254+07:00  INFO 19276 --- [restartedMain] com.project.apolo11.Apolo11Application   : No active profile set, falling back to 1 default profile: "default"
2024-09-22T14:03:42.326+07:00  INFO 19276 --- [restartedMain] .e.DevToolsPropertyDefaultsPostProcessor : Devtools property defaults active! Set 'spring.devtools.add-properties' to 'false' to disable
2024-09-22T14:03:42.327+07:00  INFO 19276 --- [restartedMain] .e.DevToolsPropertyDefaultsPostProcessor : For additional web related logging consider setting the 'logging.level.web' property to 'DEBUG'
2024-09-22T14:03:43.632+07:00  INFO 19276 --- [restartedMain] .s.d.r.c.RepositoryConfigurationDelegate : Multiple Spring Data modules found, entering strict repository configuration mode
2024-09-22T14:03:43.637+07:00  INFO 19276 --- [restartedMain] .s.d.r.c.RepositoryConfigurationDelegate : Bootstrapping Spring Data Redis repositories in DEFAULT mode.
2024-09-22T14:03:43.742+07:00  INFO 19276 --- [restartedMain] .s.d.r.c.RepositoryConfigurationDelegate : Finished Spring Data repository scanning in 63 ms. Found 0 Redis repository interfaces.
2024-09-22T14:03:45.178+07:00  INFO 19276 --- [restartedMain] o.s.b.w.embedded.tomcat.TomcatWebServer  : Tomcat initialized with port 8080 (http)
2024-09-22T14:03:45.204+07:00  INFO 19276 --- [restartedMain] o.apache.catalina.core.StandardService   : Starting service [Tomcat]
2024-09-22T14:03:45.204+07:00  INFO 19276 --- [restartedMain] o.apache.catalina.core.StandardEngine    : Starting Servlet engine: [Apache Tomcat/10.1.24]
2024-09-22T14:03:45.336+07:00  INFO 19276 --- [restartedMain] o.a.c.c.C.[Tomcat].[localhost].[/]       : Initializing Spring embedded WebApplicationContext
2024-09-22T14:03:45.338+07:00  INFO 19276 --- [restartedMain] w.s.c.ServletWebServerApplicationContext : Root WebApplicationContext: initialization completed in 3009 ms
2024-09-22T14:03:46.690+07:00  INFO 19276 --- [restartedMain] o.s.s.web.DefaultSecurityFilterChain     : Will secure any request with [org.springframework.security.web.session.DisableEncodeUrlFilter@6d33aed9, org.springframework.security.web.context.request.async.WebAsyncManagerIntegrationFilter@59330e03, org.springframework.security.web.context.SecurityContextHolderFilter@6646f219, org.springframework.security.web.header.HeaderWriterFilter@61146290, org.springframework.web.filter.CorsFilter@3aae588e, org.springframework.security.web.authentication.logout.LogoutFilter@ba2afee, org.springframework.security.web.savedrequest.RequestCacheAwareFilter@51eb037, org.springframework.security.web.servletapi.SecurityContextHolderAwareRequestFilter@68edfc98, org.springframework.security.web.authentication.AnonymousAuthenticationFilter@75676f06, org.springframework.security.web.session.SessionManagementFilter@20dcf140, org.springframework.security.web.access.ExceptionTranslationFilter@7d578ff8, org.springframework.security.web.access.intercept.FilterSecurityInterceptor@3744f87f]
2024-09-22T14:03:48.408+07:00  INFO 19276 --- [restartedMain] o.s.b.d.a.OptionalLiveReloadServer       : LiveReload server is running on port 35729
2024-09-22T14:03:48.440+07:00  INFO 19276 --- [restartedMain] o.s.b.w.embedded.tomcat.TomcatWebServer  : Tomcat started on port 8080 (http) with context path '/'
2024-09-22T14:03:48.459+07:00  INFO 19276 --- [restartedMain] com.project.apolo11.Apolo11Application   : Started Apolo11Application in 7.001 seconds (process running for 8.625)
2024-09-22T14:04:19.800+07:00  INFO 19276 --- [http-nio-8080-exec-1] o.a.c.c.C.[Tomcat].[localhost].[/]       : Initializing Spring DispatcherServlet 'dispatcherServlet'
2024-09-22T14:04:19.800+07:00  INFO 19276 --- [http-nio-8080-exec-1] o.s.web.servlet.DispatcherServlet        : Initializing Servlet 'dispatcherServlet'
2024-09-22T14:04:19.803+07:00  INFO 19276 --- [http-nio-8080-exec-1] o.s.web.servlet.DispatcherServlet        : Completed initialization in 1 ms
2024-09-22T15:47:40.587+07:00  INFO 19880 --- [restartedMain] com.project.apolo11.Apolo11Application   : Starting Apolo11Application using Java 17.0.10 with PID 19880 (D:\APTECH\TECHWIZ\TECHWIZ5\MOBILE\NHOM APOLLO\TechWitz-API\target\classes started by HP in D:\APTECH\TECHWIZ\TECHWIZ5\MOBILE\NHOM APOLLO\TechWitz-API)
2024-09-22T15:47:40.594+07:00  INFO 19880 --- [restartedMain] com.project.apolo11.Apolo11Application   : No active profile set, falling back to 1 default profile: "default"
2024-09-22T15:47:40.726+07:00  INFO 19880 --- [restartedMain] .e.DevToolsPropertyDefaultsPostProcessor : Devtools property defaults active! Set 'spring.devtools.add-properties' to 'false' to disable
2024-09-22T15:47:40.726+07:00  INFO 19880 --- [restartedMain] .e.DevToolsPropertyDefaultsPostProcessor : For additional web related logging consider setting the 'logging.level.web' property to 'DEBUG'
2024-09-22T15:47:43.228+07:00  INFO 19880 --- [restartedMain] .s.d.r.c.RepositoryConfigurationDelegate : Multiple Spring Data modules found, entering strict repository configuration mode
2024-09-22T15:47:43.233+07:00  INFO 19880 --- [restartedMain] .s.d.r.c.RepositoryConfigurationDelegate : Bootstrapping Spring Data Redis repositories in DEFAULT mode.
2024-09-22T15:47:43.339+07:00  INFO 19880 --- [restartedMain] .s.d.r.c.RepositoryConfigurationDelegate : Finished Spring Data repository scanning in 68 ms. Found 0 Redis repository interfaces.
2024-09-22T15:47:44.942+07:00  INFO 19880 --- [restartedMain] o.s.b.w.embedded.tomcat.TomcatWebServer  : Tomcat initialized with port 8080 (http)
2024-09-22T15:47:44.965+07:00  INFO 19880 --- [restartedMain] o.apache.catalina.core.StandardService   : Starting service [Tomcat]
2024-09-22T15:47:44.966+07:00  INFO 19880 --- [restartedMain] o.apache.catalina.core.StandardEngine    : Starting Servlet engine: [Apache Tomcat/10.1.24]
2024-09-22T15:47:45.102+07:00  INFO 19880 --- [restartedMain] o.a.c.c.C.[Tomcat].[localhost].[/]       : Initializing Spring embedded WebApplicationContext
2024-09-22T15:47:45.103+07:00  INFO 19880 --- [restartedMain] w.s.c.ServletWebServerApplicationContext : Root WebApplicationContext: initialization completed in 4376 ms
2024-09-22T15:47:46.336+07:00  INFO 19880 --- [restartedMain] o.s.s.web.DefaultSecurityFilterChain     : Will secure any request with [org.springframework.security.web.session.DisableEncodeUrlFilter@3c3d063c, org.springframework.security.web.context.request.async.WebAsyncManagerIntegrationFilter@6f592f59, org.springframework.security.web.context.SecurityContextHolderFilter@353d55ee, org.springframework.security.web.header.HeaderWriterFilter@693ba995, org.springframework.web.filter.CorsFilter@622b847e, org.springframework.security.web.authentication.logout.LogoutFilter@2ee56936, org.springframework.security.web.savedrequest.RequestCacheAwareFilter@26a99cf5, org.springframework.security.web.servletapi.SecurityContextHolderAwareRequestFilter@32ad3255, org.springframework.security.web.authentication.AnonymousAuthenticationFilter@63d8cc5d, org.springframework.security.web.session.SessionManagementFilter@3ca9d8a3, org.springframework.security.web.access.ExceptionTranslationFilter@667e945d, org.springframework.security.web.access.intercept.FilterSecurityInterceptor@6c28c7f]
2024-09-22T15:47:49.929+07:00  INFO 19880 --- [restartedMain] o.s.b.d.a.OptionalLiveReloadServer       : LiveReload server is running on port 35729
2024-09-22T15:47:49.982+07:00  INFO 19880 --- [restartedMain] o.s.b.w.embedded.tomcat.TomcatWebServer  : Tomcat started on port 8080 (http) with context path '/'
2024-09-22T15:47:50.008+07:00  INFO 19880 --- [restartedMain] com.project.apolo11.Apolo11Application   : Started Apolo11Application in 10.455 seconds (process running for 12.676)
2024-09-22T15:48:21.477+07:00  INFO 19148 --- [restartedMain] com.project.apolo11.Apolo11Application   : Starting Apolo11Application using Java 17.0.10 with PID 19148 (D:\APTECH\TECHWIZ\TECHWIZ5\MOBILE\NHOM APOLLO\TechWitz-API\target\classes started by HP in D:\APTECH\TECHWIZ\TECHWIZ5\MOBILE\NHOM APOLLO\TechWitz-API)
2024-09-22T15:48:21.485+07:00  INFO 19148 --- [restartedMain] com.project.apolo11.Apolo11Application   : No active profile set, falling back to 1 default profile: "default"
2024-09-22T15:48:21.603+07:00  INFO 19148 --- [restartedMain] .e.DevToolsPropertyDefaultsPostProcessor : Devtools property defaults active! Set 'spring.devtools.add-properties' to 'false' to disable
2024-09-22T15:48:21.604+07:00  INFO 19148 --- [restartedMain] .e.DevToolsPropertyDefaultsPostProcessor : For additional web related logging consider setting the 'logging.level.web' property to 'DEBUG'
2024-09-22T15:48:24.035+07:00  INFO 19148 --- [restartedMain] .s.d.r.c.RepositoryConfigurationDelegate : Multiple Spring Data modules found, entering strict repository configuration mode
2024-09-22T15:48:24.040+07:00  INFO 19148 --- [restartedMain] .s.d.r.c.RepositoryConfigurationDelegate : Bootstrapping Spring Data Redis repositories in DEFAULT mode.
2024-09-22T15:48:24.130+07:00  INFO 19148 --- [restartedMain] .s.d.r.c.RepositoryConfigurationDelegate : Finished Spring Data repository scanning in 54 ms. Found 0 Redis repository interfaces.
2024-09-22T15:48:26.429+07:00  INFO 19148 --- [restartedMain] o.s.b.w.embedded.tomcat.TomcatWebServer  : Tomcat initialized with port 8080 (http)
2024-09-22T15:48:26.523+07:00  INFO 19148 --- [restartedMain] o.apache.catalina.core.StandardService   : Starting service [Tomcat]
2024-09-22T15:48:26.528+07:00  INFO 19148 --- [restartedMain] o.apache.catalina.core.StandardEngine    : Starting Servlet engine: [Apache Tomcat/10.1.24]
2024-09-22T15:48:26.760+07:00  INFO 19148 --- [restartedMain] o.a.c.c.C.[Tomcat].[localhost].[/]       : Initializing Spring embedded WebApplicationContext
2024-09-22T15:48:26.761+07:00  INFO 19148 --- [restartedMain] w.s.c.ServletWebServerApplicationContext : Root WebApplicationContext: initialization completed in 5154 ms
2024-09-22T15:48:28.387+07:00  INFO 19148 --- [restartedMain] o.s.s.web.DefaultSecurityFilterChain     : Will secure any request with [org.springframework.security.web.session.DisableEncodeUrlFilter@30d8a881, org.springframework.security.web.context.request.async.WebAsyncManagerIntegrationFilter@3f6bf58c, org.springframework.security.web.context.SecurityContextHolderFilter@452101e5, org.springframework.security.web.header.HeaderWriterFilter@72efee21, org.springframework.web.filter.CorsFilter@1ad0d0fd, org.springframework.security.web.authentication.logout.LogoutFilter@5ef7d72e, org.springframework.security.web.savedrequest.RequestCacheAwareFilter@3b4a4705, org.springframework.security.web.servletapi.SecurityContextHolderAwareRequestFilter@4e6cef9, org.springframework.security.web.authentication.AnonymousAuthenticationFilter@1d660dd3, org.springframework.security.web.session.SessionManagementFilter@56c1700b, org.springframework.security.web.access.ExceptionTranslationFilter@49b6e925, org.springframework.security.web.access.intercept.FilterSecurityInterceptor@2c6354e0]
2024-09-22T15:48:30.760+07:00  INFO 19148 --- [restartedMain] o.s.b.d.a.OptionalLiveReloadServer       : LiveReload server is running on port 35729
2024-09-22T15:48:30.811+07:00  INFO 19148 --- [restartedMain] o.s.b.w.embedded.tomcat.TomcatWebServer  : Tomcat started on port 8080 (http) with context path '/'
2024-09-22T15:48:30.863+07:00  INFO 19148 --- [restartedMain] com.project.apolo11.Apolo11Application   : Started Apolo11Application in 10.448 seconds (process running for 12.496)
2024-09-22T15:50:22.113+07:00  INFO 19148 --- [http-nio-8080-exec-1] o.a.c.c.C.[Tomcat].[localhost].[/]       : Initializing Spring DispatcherServlet 'dispatcherServlet'
2024-09-22T15:50:22.113+07:00  INFO 19148 --- [http-nio-8080-exec-1] o.s.web.servlet.DispatcherServlet        : Initializing Servlet 'dispatcherServlet'
2024-09-22T15:50:22.116+07:00  INFO 19148 --- [http-nio-8080-exec-1] o.s.web.servlet.DispatcherServlet        : Completed initialization in 2 ms
2024-09-22T17:09:32.450+07:00  INFO 17184 --- [restartedMain] com.project.apolo11.Apolo11Application   : Starting Apolo11Application using Java 17.0.10 with PID 17184 (D:\APTECH\TECHWIZ\TECHWIZ5\MOBILE\NHOM APOLLO\TechWitz-API\target\classes started by HP in D:\APTECH\TECHWIZ\TECHWIZ5\MOBILE\NHOM APOLLO\TechWitz-API)
2024-09-22T17:09:32.459+07:00  INFO 17184 --- [restartedMain] com.project.apolo11.Apolo11Application   : No active profile set, falling back to 1 default profile: "default"
2024-09-22T17:09:32.694+07:00  INFO 17184 --- [restartedMain] .e.DevToolsPropertyDefaultsPostProcessor : Devtools property defaults active! Set 'spring.devtools.add-properties' to 'false' to disable
2024-09-22T17:09:32.695+07:00  INFO 17184 --- [restartedMain] .e.DevToolsPropertyDefaultsPostProcessor : For additional web related logging consider setting the 'logging.level.web' property to 'DEBUG'
2024-09-22T17:09:34.729+07:00  INFO 17184 --- [restartedMain] .s.d.r.c.RepositoryConfigurationDelegate : Multiple Spring Data modules found, entering strict repository configuration mode
2024-09-22T17:09:34.733+07:00  INFO 17184 --- [restartedMain] .s.d.r.c.RepositoryConfigurationDelegate : Bootstrapping Spring Data Redis repositories in DEFAULT mode.
2024-09-22T17:09:34.807+07:00  INFO 17184 --- [restartedMain] .s.d.r.c.RepositoryConfigurationDelegate : Finished Spring Data repository scanning in 44 ms. Found 0 Redis repository interfaces.
2024-09-22T17:09:36.760+07:00  INFO 17184 --- [restartedMain] o.s.b.w.embedded.tomcat.TomcatWebServer  : Tomcat initialized with port 8080 (http)
2024-09-22T17:09:36.782+07:00  INFO 17184 --- [restartedMain] o.apache.catalina.core.StandardService   : Starting service [Tomcat]
2024-09-22T17:09:36.783+07:00  INFO 17184 --- [restartedMain] o.apache.catalina.core.StandardEngine    : Starting Servlet engine: [Apache Tomcat/10.1.24]
2024-09-22T17:09:36.923+07:00  INFO 17184 --- [restartedMain] o.a.c.c.C.[Tomcat].[localhost].[/]       : Initializing Spring embedded WebApplicationContext
2024-09-22T17:09:36.924+07:00  INFO 17184 --- [restartedMain] w.s.c.ServletWebServerApplicationContext : Root WebApplicationContext: initialization completed in 4222 ms
2024-09-22T17:09:39.426+07:00  INFO 17184 --- [restartedMain] o.s.s.web.DefaultSecurityFilterChain     : Will secure any request with [org.springframework.security.web.session.DisableEncodeUrlFilter@16def28c, org.springframework.security.web.context.request.async.WebAsyncManagerIntegrationFilter@2f135232, org.springframework.security.web.context.SecurityContextHolderFilter@6c4e4989, org.springframework.security.web.header.HeaderWriterFilter@17fd6888, org.springframework.web.filter.CorsFilter@472ec308, org.springframework.security.web.authentication.logout.LogoutFilter@440d182, org.springframework.security.web.savedrequest.RequestCacheAwareFilter@5026ce74, org.springframework.security.web.servletapi.SecurityContextHolderAwareRequestFilter@41389607, org.springframework.security.web.authentication.AnonymousAuthenticationFilter@5dc0fb06, org.springframework.security.web.session.SessionManagementFilter@6eeb5135, org.springframework.security.web.access.ExceptionTranslationFilter@15b0d21e, org.springframework.security.web.access.intercept.FilterSecurityInterceptor@40ae62bf]
2024-09-22T17:09:41.538+07:00  INFO 17184 --- [restartedMain] o.s.b.d.a.OptionalLiveReloadServer       : LiveReload server is running on port 35729
2024-09-22T17:09:41.582+07:00  INFO 17184 --- [restartedMain] o.s.b.w.embedded.tomcat.TomcatWebServer  : Tomcat started on port 8080 (http) with context path '/'
2024-09-22T17:09:41.602+07:00  INFO 17184 --- [restartedMain] com.project.apolo11.Apolo11Application   : Started Apolo11Application in 10.424 seconds (process running for 12.986)
2024-09-22T17:11:46.313+07:00  INFO 17568 --- [restartedMain] com.project.apolo11.Apolo11Application   : Starting Apolo11Application using Java 17.0.10 with PID 17568 (D:\APTECH\TECHWIZ\TECHWIZ5\MOBILE\NHOM APOLLO\TechWitz-API\target\classes started by HP in D:\APTECH\TECHWIZ\TECHWIZ5\MOBILE\NHOM APOLLO\TechWitz-API)
2024-09-22T17:11:46.321+07:00  INFO 17568 --- [restartedMain] com.project.apolo11.Apolo11Application   : No active profile set, falling back to 1 default profile: "default"
2024-09-22T17:11:46.558+07:00  INFO 17568 --- [restartedMain] .e.DevToolsPropertyDefaultsPostProcessor : Devtools property defaults active! Set 'spring.devtools.add-properties' to 'false' to disable
2024-09-22T17:11:46.558+07:00  INFO 17568 --- [restartedMain] .e.DevToolsPropertyDefaultsPostProcessor : For additional web related logging consider setting the 'logging.level.web' property to 'DEBUG'
2024-09-22T17:11:48.941+07:00  INFO 17568 --- [restartedMain] .s.d.r.c.RepositoryConfigurationDelegate : Multiple Spring Data modules found, entering strict repository configuration mode
2024-09-22T17:11:48.952+07:00  INFO 17568 --- [restartedMain] .s.d.r.c.RepositoryConfigurationDelegate : Bootstrapping Spring Data Redis repositories in DEFAULT mode.
2024-09-22T17:11:49.045+07:00  INFO 17568 --- [restartedMain] .s.d.r.c.RepositoryConfigurationDelegate : Finished Spring Data repository scanning in 55 ms. Found 0 Redis repository interfaces.
2024-09-22T17:11:50.476+07:00  INFO 17568 --- [restartedMain] o.s.b.w.embedded.tomcat.TomcatWebServer  : Tomcat initialized with port 8080 (http)
2024-09-22T17:11:50.498+07:00  INFO 17568 --- [restartedMain] o.apache.catalina.core.StandardService   : Starting service [Tomcat]
2024-09-22T17:11:50.499+07:00  INFO 17568 --- [restartedMain] o.apache.catalina.core.StandardEngine    : Starting Servlet engine: [Apache Tomcat/10.1.24]
2024-09-22T17:11:50.668+07:00  INFO 17568 --- [restartedMain] o.a.c.c.C.[Tomcat].[localhost].[/]       : Initializing Spring embedded WebApplicationContext
2024-09-22T17:11:50.669+07:00  INFO 17568 --- [restartedMain] w.s.c.ServletWebServerApplicationContext : Root WebApplicationContext: initialization completed in 4110 ms
2024-09-22T17:11:51.771+07:00  INFO 17568 --- [restartedMain] o.s.s.web.DefaultSecurityFilterChain     : Will secure any request with [org.springframework.security.web.session.DisableEncodeUrlFilter@5086351a, org.springframework.security.web.context.request.async.WebAsyncManagerIntegrationFilter@1727982b, org.springframework.security.web.context.SecurityContextHolderFilter@6451435e, org.springframework.security.web.header.HeaderWriterFilter@132e58bb, org.springframework.web.filter.CorsFilter@58541134, org.springframework.security.web.authentication.logout.LogoutFilter@7f3db00c, org.springframework.security.web.savedrequest.RequestCacheAwareFilter@33cb75c0, org.springframework.security.web.servletapi.SecurityContextHolderAwareRequestFilter@525e36fa, org.springframework.security.web.authentication.AnonymousAuthenticationFilter@7ad312dd, org.springframework.security.web.session.SessionManagementFilter@7f59fb69, org.springframework.security.web.access.ExceptionTranslationFilter@6f12e1c9, org.springframework.security.web.access.intercept.FilterSecurityInterceptor@1066b14b]
2024-09-22T17:11:53.669+07:00  INFO 17568 --- [restartedMain] o.s.b.d.a.OptionalLiveReloadServer       : LiveReload server is running on port 35729
2024-09-22T17:11:53.712+07:00  INFO 17568 --- [restartedMain] o.s.b.w.embedded.tomcat.TomcatWebServer  : Tomcat started on port 8080 (http) with context path '/'
2024-09-22T17:11:53.766+07:00  INFO 17568 --- [restartedMain] com.project.apolo11.Apolo11Application   : Started Apolo11Application in 8.517 seconds (process running for 10.799)
2024-09-22T17:12:09.590+07:00  INFO 17568 --- [http-nio-8080-exec-1] o.a.c.c.C.[Tomcat].[localhost].[/]       : Initializing Spring DispatcherServlet 'dispatcherServlet'
2024-09-22T17:12:09.591+07:00  INFO 17568 --- [http-nio-8080-exec-1] o.s.web.servlet.DispatcherServlet        : Initializing Servlet 'dispatcherServlet'
2024-09-22T17:12:09.595+07:00  INFO 17568 --- [http-nio-8080-exec-1] o.s.web.servlet.DispatcherServlet        : Completed initialization in 3 ms
2024-09-22T17:13:42.053+07:00  INFO 6756 --- [restartedMain] com.project.apolo11.Apolo11Application   : Starting Apolo11Application using Java 17.0.10 with PID 6756 (D:\APTECH\TECHWIZ\TECHWIZ5\MOBILE\NHOM APOLLO\TechWitz-API\target\classes started by HP in D:\APTECH\TECHWIZ\TECHWIZ5\MOBILE\NHOM APOLLO\TechWitz-API)
2024-09-22T17:13:42.059+07:00  INFO 6756 --- [restartedMain] com.project.apolo11.Apolo11Application   : No active profile set, falling back to 1 default profile: "default"
2024-09-22T17:13:42.216+07:00  INFO 6756 --- [restartedMain] .e.DevToolsPropertyDefaultsPostProcessor : Devtools property defaults active! Set 'spring.devtools.add-properties' to 'false' to disable
2024-09-22T17:13:42.218+07:00  INFO 6756 --- [restartedMain] .e.DevToolsPropertyDefaultsPostProcessor : For additional web related logging consider setting the 'logging.level.web' property to 'DEBUG'
2024-09-22T17:13:44.108+07:00  INFO 6756 --- [restartedMain] .s.d.r.c.RepositoryConfigurationDelegate : Multiple Spring Data modules found, entering strict repository configuration mode
2024-09-22T17:13:44.114+07:00  INFO 6756 --- [restartedMain] .s.d.r.c.RepositoryConfigurationDelegate : Bootstrapping Spring Data Redis repositories in DEFAULT mode.
2024-09-22T17:13:44.198+07:00  INFO 6756 --- [restartedMain] .s.d.r.c.RepositoryConfigurationDelegate : Finished Spring Data repository scanning in 49 ms. Found 0 Redis repository interfaces.
2024-09-22T17:13:45.755+07:00  INFO 6756 --- [restartedMain] o.s.b.w.embedded.tomcat.TomcatWebServer  : Tomcat initialized with port 8080 (http)
2024-09-22T17:13:45.775+07:00  INFO 6756 --- [restartedMain] o.apache.catalina.core.StandardService   : Starting service [Tomcat]
2024-09-22T17:13:45.776+07:00  INFO 6756 --- [restartedMain] o.apache.catalina.core.StandardEngine    : Starting Servlet engine: [Apache Tomcat/10.1.24]
2024-09-22T17:13:46.002+07:00  INFO 6756 --- [restartedMain] o.a.c.c.C.[Tomcat].[localhost].[/]       : Initializing Spring embedded WebApplicationContext
2024-09-22T17:13:46.003+07:00  INFO 6756 --- [restartedMain] w.s.c.ServletWebServerApplicationContext : Root WebApplicationContext: initialization completed in 3783 ms
2024-09-22T17:13:47.605+07:00  INFO 6756 --- [restartedMain] o.s.s.web.DefaultSecurityFilterChain     : Will secure any request with [org.springframework.security.web.session.DisableEncodeUrlFilter@a7e38b6, org.springframework.security.web.context.request.async.WebAsyncManagerIntegrationFilter@59ee8012, org.springframework.security.web.context.SecurityContextHolderFilter@2ee56936, org.springframework.security.web.header.HeaderWriterFilter@54e37e0e, org.springframework.web.filter.CorsFilter@7524b6f3, org.springframework.security.web.authentication.logout.LogoutFilter@4b70493e, org.springframework.security.web.savedrequest.RequestCacheAwareFilter@6913275f, org.springframework.security.web.servletapi.SecurityContextHolderAwareRequestFilter@6889f36e, org.springframework.security.web.authentication.AnonymousAuthenticationFilter@7c4ad0d2, org.springframework.security.web.session.SessionManagementFilter@65956742, org.springframework.security.web.access.ExceptionTranslationFilter@47d5daff, org.springframework.security.web.access.intercept.FilterSecurityInterceptor@65192a88]
2024-09-22T17:13:50.042+07:00  INFO 6756 --- [restartedMain] o.s.b.d.a.OptionalLiveReloadServer       : LiveReload server is running on port 35729
2024-09-22T17:13:50.085+07:00  INFO 6756 --- [restartedMain] o.s.b.w.embedded.tomcat.TomcatWebServer  : Tomcat started on port 8080 (http) with context path '/'
2024-09-22T17:13:50.115+07:00  INFO 6756 --- [restartedMain] com.project.apolo11.Apolo11Application   : Started Apolo11Application in 9.449 seconds (process running for 11.488)
2024-09-22T17:13:54.296+07:00  INFO 6756 --- [http-nio-8080-exec-2] o.a.c.c.C.[Tomcat].[localhost].[/]       : Initializing Spring DispatcherServlet 'dispatcherServlet'
2024-09-22T17:13:54.297+07:00  INFO 6756 --- [http-nio-8080-exec-2] o.s.web.servlet.DispatcherServlet        : Initializing Servlet 'dispatcherServlet'
2024-09-22T17:13:54.299+07:00  INFO 6756 --- [http-nio-8080-exec-2] o.s.web.servlet.DispatcherServlet        : Completed initialization in 2 ms
2024-09-22T17:17:14.203+07:00  INFO 7128 --- [restartedMain] com.project.apolo11.Apolo11Application   : Starting Apolo11Application using Java 17.0.10 with PID 7128 (D:\APTECH\TECHWIZ\TECHWIZ5\MOBILE\NHOM APOLLO\TechWitz-API\target\classes started by HP in D:\APTECH\TECHWIZ\TECHWIZ5\MOBILE\NHOM APOLLO\TechWitz-API)
2024-09-22T17:17:14.209+07:00  INFO 7128 --- [restartedMain] com.project.apolo11.Apolo11Application   : No active profile set, falling back to 1 default profile: "default"
2024-09-22T17:17:14.339+07:00  INFO 7128 --- [restartedMain] .e.DevToolsPropertyDefaultsPostProcessor : Devtools property defaults active! Set 'spring.devtools.add-properties' to 'false' to disable
2024-09-22T17:17:14.340+07:00  INFO 7128 --- [restartedMain] .e.DevToolsPropertyDefaultsPostProcessor : For additional web related logging consider setting the 'logging.level.web' property to 'DEBUG'
2024-09-22T17:17:16.088+07:00  INFO 7128 --- [restartedMain] .s.d.r.c.RepositoryConfigurationDelegate : Multiple Spring Data modules found, entering strict repository configuration mode
2024-09-22T17:17:16.095+07:00  INFO 7128 --- [restartedMain] .s.d.r.c.RepositoryConfigurationDelegate : Bootstrapping Spring Data Redis repositories in DEFAULT mode.
2024-09-22T17:17:16.168+07:00  INFO 7128 --- [restartedMain] .s.d.r.c.RepositoryConfigurationDelegate : Finished Spring Data repository scanning in 43 ms. Found 0 Redis repository interfaces.
2024-09-22T17:17:17.392+07:00  INFO 7128 --- [restartedMain] o.s.b.w.embedded.tomcat.TomcatWebServer  : Tomcat initialized with port 8080 (http)
2024-09-22T17:17:17.412+07:00  INFO 7128 --- [restartedMain] o.apache.catalina.core.StandardService   : Starting service [Tomcat]
2024-09-22T17:17:17.412+07:00  INFO 7128 --- [restartedMain] o.apache.catalina.core.StandardEngine    : Starting Servlet engine: [Apache Tomcat/10.1.24]
2024-09-22T17:17:17.539+07:00  INFO 7128 --- [restartedMain] o.a.c.c.C.[Tomcat].[localhost].[/]       : Initializing Spring embedded WebApplicationContext
2024-09-22T17:17:17.541+07:00  INFO 7128 --- [restartedMain] w.s.c.ServletWebServerApplicationContext : Root WebApplicationContext: initialization completed in 3198 ms
2024-09-22T17:17:18.569+07:00  INFO 7128 --- [restartedMain] o.s.s.web.DefaultSecurityFilterChain     : Will secure any request with [org.springframework.security.web.session.DisableEncodeUrlFilter@39ead513, org.springframework.security.web.context.request.async.WebAsyncManagerIntegrationFilter@5345aa4, org.springframework.security.web.context.SecurityContextHolderFilter@3cd0a3c8, org.springframework.security.web.header.HeaderWriterFilter@61a54ebd, org.springframework.web.filter.CorsFilter@2c5ceeed, org.springframework.security.web.authentication.logout.LogoutFilter@4ce02043, org.springframework.security.web.savedrequest.RequestCacheAwareFilter@28f6584e, org.springframework.security.web.servletapi.SecurityContextHolderAwareRequestFilter@15b0d21e, org.springframework.security.web.authentication.AnonymousAuthenticationFilter@6638501c, org.springframework.security.web.session.SessionManagementFilter@59ee0f08, org.springframework.security.web.access.ExceptionTranslationFilter@593f0752, org.springframework.security.web.access.intercept.FilterSecurityInterceptor@2e25e111]
2024-09-22T17:17:20.711+07:00  INFO 7128 --- [restartedMain] o.s.b.d.a.OptionalLiveReloadServer       : LiveReload server is running on port 35729
2024-09-22T17:17:20.791+07:00  INFO 7128 --- [restartedMain] o.s.b.w.embedded.tomcat.TomcatWebServer  : Tomcat started on port 8080 (http) with context path '/'
2024-09-22T17:17:20.883+07:00  INFO 7128 --- [restartedMain] com.project.apolo11.Apolo11Application   : Started Apolo11Application in 7.657 seconds (process running for 9.507)
2024-09-22T17:17:26.066+07:00  INFO 7128 --- [http-nio-8080-exec-2] o.a.c.c.C.[Tomcat].[localhost].[/]       : Initializing Spring DispatcherServlet 'dispatcherServlet'
2024-09-22T17:17:26.067+07:00  INFO 7128 --- [http-nio-8080-exec-2] o.s.web.servlet.DispatcherServlet        : Initializing Servlet 'dispatcherServlet'
2024-09-22T17:17:26.069+07:00  INFO 7128 --- [http-nio-8080-exec-2] o.s.web.servlet.DispatcherServlet        : Completed initialization in 2 ms
2024-09-22T17:18:50.932+07:00  INFO 15640 --- [restartedMain] com.project.apolo11.Apolo11Application   : Starting Apolo11Application using Java 17.0.10 with PID 15640 (D:\APTECH\TECHWIZ\TECHWIZ5\MOBILE\NHOM APOLLO\TechWitz-API\target\classes started by HP in D:\APTECH\TECHWIZ\TECHWIZ5\MOBILE\NHOM APOLLO\TechWitz-API)
2024-09-22T17:18:50.938+07:00  INFO 15640 --- [restartedMain] com.project.apolo11.Apolo11Application   : No active profile set, falling back to 1 default profile: "default"
2024-09-22T17:18:51.069+07:00  INFO 15640 --- [restartedMain] .e.DevToolsPropertyDefaultsPostProcessor : Devtools property defaults active! Set 'spring.devtools.add-properties' to 'false' to disable
2024-09-22T17:18:51.069+07:00  INFO 15640 --- [restartedMain] .e.DevToolsPropertyDefaultsPostProcessor : For additional web related logging consider setting the 'logging.level.web' property to 'DEBUG'
2024-09-22T17:18:53.058+07:00  INFO 15640 --- [restartedMain] .s.d.r.c.RepositoryConfigurationDelegate : Multiple Spring Data modules found, entering strict repository configuration mode
2024-09-22T17:18:53.064+07:00  INFO 15640 --- [restartedMain] .s.d.r.c.RepositoryConfigurationDelegate : Bootstrapping Spring Data Redis repositories in DEFAULT mode.
2024-09-22T17:18:53.152+07:00  INFO 15640 --- [restartedMain] .s.d.r.c.RepositoryConfigurationDelegate : Finished Spring Data repository scanning in 51 ms. Found 0 Redis repository interfaces.
2024-09-22T17:18:54.423+07:00  INFO 15640 --- [restartedMain] o.s.b.w.embedded.tomcat.TomcatWebServer  : Tomcat initialized with port 8080 (http)
2024-09-22T17:18:54.445+07:00  INFO 15640 --- [restartedMain] o.apache.catalina.core.StandardService   : Starting service [Tomcat]
2024-09-22T17:18:54.446+07:00  INFO 15640 --- [restartedMain] o.apache.catalina.core.StandardEngine    : Starting Servlet engine: [Apache Tomcat/10.1.24]
2024-09-22T17:18:55.017+07:00  INFO 15640 --- [restartedMain] o.a.c.c.C.[Tomcat].[localhost].[/]       : Initializing Spring embedded WebApplicationContext
2024-09-22T17:18:55.018+07:00  INFO 15640 --- [restartedMain] w.s.c.ServletWebServerApplicationContext : Root WebApplicationContext: initialization completed in 3948 ms
2024-09-22T17:18:56.617+07:00  INFO 15640 --- [restartedMain] o.s.s.web.DefaultSecurityFilterChain     : Will secure any request with [org.springframework.security.web.session.DisableEncodeUrlFilter@6224a49c, org.springframework.security.web.context.request.async.WebAsyncManagerIntegrationFilter@3af6d6a1, org.springframework.security.web.context.SecurityContextHolderFilter@5e524528, org.springframework.security.web.header.HeaderWriterFilter@242af08b, org.springframework.web.filter.CorsFilter@3f3b80d, org.springframework.security.web.authentication.logout.LogoutFilter@3938936f, org.springframework.security.web.savedrequest.RequestCacheAwareFilter@131d1145, org.springframework.security.web.servletapi.SecurityContextHolderAwareRequestFilter@76f80184, org.springframework.security.web.authentication.AnonymousAuthenticationFilter@6d52aa0d, org.springframework.security.web.session.SessionManagementFilter@15b0d21e, org.springframework.security.web.access.ExceptionTranslationFilter@35be3f01, org.springframework.security.web.access.intercept.FilterSecurityInterceptor@62858f09]
2024-09-22T17:18:59.136+07:00  INFO 15640 --- [restartedMain] o.s.b.d.a.OptionalLiveReloadServer       : LiveReload server is running on port 35729
2024-09-22T17:18:59.209+07:00  INFO 15640 --- [restartedMain] o.s.b.w.embedded.tomcat.TomcatWebServer  : Tomcat started on port 8080 (http) with context path '/'
2024-09-22T17:18:59.256+07:00  INFO 15640 --- [restartedMain] com.project.apolo11.Apolo11Application   : Started Apolo11Application in 9.572 seconds (process running for 11.87)
2024-09-22T17:19:15.258+07:00  INFO 15640 --- [http-nio-8080-exec-1] o.a.c.c.C.[Tomcat].[localhost].[/]       : Initializing Spring DispatcherServlet 'dispatcherServlet'
2024-09-22T17:19:15.259+07:00  INFO 15640 --- [http-nio-8080-exec-1] o.s.web.servlet.DispatcherServlet        : Initializing Servlet 'dispatcherServlet'
2024-09-22T17:19:15.263+07:00  INFO 15640 --- [http-nio-8080-exec-1] o.s.web.servlet.DispatcherServlet        : Completed initialization in 4 ms
2024-09-22T17:24:51.458+07:00  INFO 4080 --- [restartedMain] com.project.apolo11.Apolo11Application   : Starting Apolo11Application using Java 17.0.10 with PID 4080 (D:\APTECH\TECHWIZ\TECHWIZ5\MOBILE\NHOM APOLLO\TechWitz-API\target\classes started by HP in D:\APTECH\TECHWIZ\TECHWIZ5\MOBILE\NHOM APOLLO\TechWitz-API)
2024-09-22T17:24:51.463+07:00  INFO 4080 --- [restartedMain] com.project.apolo11.Apolo11Application   : No active profile set, falling back to 1 default profile: "default"
2024-09-22T17:24:51.594+07:00  INFO 4080 --- [restartedMain] .e.DevToolsPropertyDefaultsPostProcessor : Devtools property defaults active! Set 'spring.devtools.add-properties' to 'false' to disable
2024-09-22T17:24:51.595+07:00  INFO 4080 --- [restartedMain] .e.DevToolsPropertyDefaultsPostProcessor : For additional web related logging consider setting the 'logging.level.web' property to 'DEBUG'
2024-09-22T17:24:53.906+07:00  INFO 4080 --- [restartedMain] .s.d.r.c.RepositoryConfigurationDelegate : Multiple Spring Data modules found, entering strict repository configuration mode
2024-09-22T17:24:53.912+07:00  INFO 4080 --- [restartedMain] .s.d.r.c.RepositoryConfigurationDelegate : Bootstrapping Spring Data Redis repositories in DEFAULT mode.
2024-09-22T17:24:54.018+07:00  INFO 4080 --- [restartedMain] .s.d.r.c.RepositoryConfigurationDelegate : Finished Spring Data repository scanning in 78 ms. Found 0 Redis repository interfaces.
2024-09-22T17:24:55.732+07:00  INFO 4080 --- [restartedMain] o.s.b.w.embedded.tomcat.TomcatWebServer  : Tomcat initialized with port 8080 (http)
2024-09-22T17:24:55.754+07:00  INFO 4080 --- [restartedMain] o.apache.catalina.core.StandardService   : Starting service [Tomcat]
2024-09-22T17:24:55.755+07:00  INFO 4080 --- [restartedMain] o.apache.catalina.core.StandardEngine    : Starting Servlet engine: [Apache Tomcat/10.1.24]
2024-09-22T17:24:55.973+07:00  INFO 4080 --- [restartedMain] o.a.c.c.C.[Tomcat].[localhost].[/]       : Initializing Spring embedded WebApplicationContext
2024-09-22T17:24:55.978+07:00  INFO 4080 --- [restartedMain] w.s.c.ServletWebServerApplicationContext : Root WebApplicationContext: initialization completed in 4381 ms
2024-09-22T17:24:57.771+07:00  INFO 4080 --- [restartedMain] o.s.s.web.DefaultSecurityFilterChain     : Will secure any request with [org.springframework.security.web.session.DisableEncodeUrlFilter@2c6e9c8d, org.springframework.security.web.context.request.async.WebAsyncManagerIntegrationFilter@16d5ed27, org.springframework.security.web.context.SecurityContextHolderFilter@15b0d21e, org.springframework.security.web.header.HeaderWriterFilter@730aeaff, org.springframework.web.filter.CorsFilter@58e6d533, org.springframework.security.web.authentication.logout.LogoutFilter@5f3ecb7b, org.springframework.security.web.savedrequest.RequestCacheAwareFilter@17fd6888, org.springframework.security.web.servletapi.SecurityContextHolderAwareRequestFilter@34a4117a, org.springframework.security.web.authentication.AnonymousAuthenticationFilter@6224a49c, org.springframework.security.web.session.SessionManagementFilter@3a7ace5f, org.springframework.security.web.access.ExceptionTranslationFilter@430815d1, org.springframework.security.web.access.intercept.FilterSecurityInterceptor@2ed3d969]
2024-09-22T17:24:59.933+07:00  INFO 4080 --- [restartedMain] o.s.b.d.a.OptionalLiveReloadServer       : LiveReload server is running on port 35729
2024-09-22T17:24:59.972+07:00  INFO 4080 --- [restartedMain] o.s.b.w.embedded.tomcat.TomcatWebServer  : Tomcat started on port 8080 (http) with context path '/'
2024-09-22T17:24:59.997+07:00  INFO 4080 --- [restartedMain] com.project.apolo11.Apolo11Application   : Started Apolo11Application in 9.562 seconds (process running for 11.806)
2024-09-22T17:25:12.633+07:00  INFO 4080 --- [http-nio-8080-exec-1] o.a.c.c.C.[Tomcat].[localhost].[/]       : Initializing Spring DispatcherServlet 'dispatcherServlet'
2024-09-22T17:25:12.634+07:00  INFO 4080 --- [http-nio-8080-exec-1] o.s.web.servlet.DispatcherServlet        : Initializing Servlet 'dispatcherServlet'
2024-09-22T17:25:12.636+07:00  INFO 4080 --- [http-nio-8080-exec-1] o.s.web.servlet.DispatcherServlet        : Completed initialization in 2 ms
2024-09-22T17:36:37.945+07:00  INFO 11516 --- [restartedMain] com.project.apolo11.Apolo11Application   : Starting Apolo11Application using Java 17.0.10 with PID 11516 (D:\APTECH\TECHWIZ\TECHWIZ5\MOBILE\NHOM APOLLO\TechWitz-API\target\classes started by HP in D:\APTECH\TECHWIZ\TECHWIZ5\MOBILE\NHOM APOLLO\TechWitz-API)
2024-09-22T17:36:37.950+07:00  INFO 11516 --- [restartedMain] com.project.apolo11.Apolo11Application   : No active profile set, falling back to 1 default profile: "default"
2024-09-22T17:36:38.071+07:00  INFO 11516 --- [restartedMain] .e.DevToolsPropertyDefaultsPostProcessor : Devtools property defaults active! Set 'spring.devtools.add-properties' to 'false' to disable
2024-09-22T17:36:38.071+07:00  INFO 11516 --- [restartedMain] .e.DevToolsPropertyDefaultsPostProcessor : For additional web related logging consider setting the 'logging.level.web' property to 'DEBUG'
2024-09-22T17:36:39.907+07:00  INFO 11516 --- [restartedMain] .s.d.r.c.RepositoryConfigurationDelegate : Multiple Spring Data modules found, entering strict repository configuration mode
2024-09-22T17:36:39.913+07:00  INFO 11516 --- [restartedMain] .s.d.r.c.RepositoryConfigurationDelegate : Bootstrapping Spring Data Redis repositories in DEFAULT mode.
2024-09-22T17:36:39.986+07:00  INFO 11516 --- [restartedMain] .s.d.r.c.RepositoryConfigurationDelegate : Finished Spring Data repository scanning in 41 ms. Found 0 Redis repository interfaces.
2024-09-22T17:36:41.229+07:00  INFO 11516 --- [restartedMain] o.s.b.w.embedded.tomcat.TomcatWebServer  : Tomcat initialized with port 8080 (http)
2024-09-22T17:36:41.251+07:00  INFO 11516 --- [restartedMain] o.apache.catalina.core.StandardService   : Starting service [Tomcat]
2024-09-22T17:36:41.251+07:00  INFO 11516 --- [restartedMain] o.apache.catalina.core.StandardEngine    : Starting Servlet engine: [Apache Tomcat/10.1.24]
2024-09-22T17:36:41.375+07:00  INFO 11516 --- [restartedMain] o.a.c.c.C.[Tomcat].[localhost].[/]       : Initializing Spring embedded WebApplicationContext
2024-09-22T17:36:41.376+07:00  INFO 11516 --- [restartedMain] w.s.c.ServletWebServerApplicationContext : Root WebApplicationContext: initialization completed in 3304 ms
2024-09-22T17:36:42.405+07:00  INFO 11516 --- [restartedMain] o.s.s.web.DefaultSecurityFilterChain     : Will secure any request with [org.springframework.security.web.session.DisableEncodeUrlFilter@400d5b95, org.springframework.security.web.context.request.async.WebAsyncManagerIntegrationFilter@458646f0, org.springframework.security.web.context.SecurityContextHolderFilter@34a4117a, org.springframework.security.web.header.HeaderWriterFilter@3cd0a3c8, org.springframework.web.filter.CorsFilter@30f33569, org.springframework.security.web.authentication.logout.LogoutFilter@3ae3c9f7, org.springframework.security.web.savedrequest.RequestCacheAwareFilter@725a75a5, org.springframework.security.web.servletapi.SecurityContextHolderAwareRequestFilter@1c128497, org.springframework.security.web.authentication.AnonymousAuthenticationFilter@34621a9f, org.springframework.security.web.session.SessionManagementFilter@23eff150, org.springframework.security.web.access.ExceptionTranslationFilter@44ff2b75, org.springframework.security.web.access.intercept.FilterSecurityInterceptor@3f3b80d]
2024-09-22T17:36:44.015+07:00  INFO 11516 --- [restartedMain] o.s.b.d.a.OptionalLiveReloadServer       : LiveReload server is running on port 35729
2024-09-22T17:36:44.055+07:00  INFO 11516 --- [restartedMain] o.s.b.w.embedded.tomcat.TomcatWebServer  : Tomcat started on port 8080 (http) with context path '/'
2024-09-22T17:36:44.079+07:00  INFO 11516 --- [restartedMain] com.project.apolo11.Apolo11Application   : Started Apolo11Application in 7.045 seconds (process running for 8.967)
2024-09-22T17:37:50.251+07:00  INFO 11516 --- [http-nio-8080-exec-1] o.a.c.c.C.[Tomcat].[localhost].[/]       : Initializing Spring DispatcherServlet 'dispatcherServlet'
2024-09-22T17:37:50.252+07:00  INFO 11516 --- [http-nio-8080-exec-1] o.s.web.servlet.DispatcherServlet        : Initializing Servlet 'dispatcherServlet'
2024-09-22T17:37:50.255+07:00  INFO 11516 --- [http-nio-8080-exec-1] o.s.web.servlet.DispatcherServlet        : Completed initialization in 3 ms
2024-09-22T17:37:53.597+07:00  WARN 11516 --- [http-nio-8080-exec-1] c.g.cloud.firestore.CustomClassMapper    : No setter/field for image found on class com.project.apolo11.features.tours.domains.Tours
2024-09-22T17:37:53.598+07:00  WARN 11516 --- [http-nio-8080-exec-1] c.g.cloud.firestore.CustomClassMapper    : No setter/field for createADate found on class com.project.apolo11.features.tours.domains.Tours
2024-09-22T17:40:08.739+07:00  INFO 18576 --- [restartedMain] com.project.apolo11.Apolo11Application   : Starting Apolo11Application using Java 17.0.10 with PID 18576 (D:\APTECH\TECHWIZ\TECHWIZ5\MOBILE\NHOM APOLLO\TechWitz-API\target\classes started by HP in D:\APTECH\TECHWIZ\TECHWIZ5\MOBILE\NHOM APOLLO\TechWitz-API)
2024-09-22T17:40:08.746+07:00  INFO 18576 --- [restartedMain] com.project.apolo11.Apolo11Application   : No active profile set, falling back to 1 default profile: "default"
2024-09-22T17:40:08.918+07:00  INFO 18576 --- [restartedMain] .e.DevToolsPropertyDefaultsPostProcessor : Devtools property defaults active! Set 'spring.devtools.add-properties' to 'false' to disable
2024-09-22T17:40:08.919+07:00  INFO 18576 --- [restartedMain] .e.DevToolsPropertyDefaultsPostProcessor : For additional web related logging consider setting the 'logging.level.web' property to 'DEBUG'
2024-09-22T17:40:11.421+07:00  INFO 18576 --- [restartedMain] .s.d.r.c.RepositoryConfigurationDelegate : Multiple Spring Data modules found, entering strict repository configuration mode
2024-09-22T17:40:11.431+07:00  INFO 18576 --- [restartedMain] .s.d.r.c.RepositoryConfigurationDelegate : Bootstrapping Spring Data Redis repositories in DEFAULT mode.
2024-09-22T17:40:11.591+07:00  INFO 18576 --- [restartedMain] .s.d.r.c.RepositoryConfigurationDelegate : Finished Spring Data repository scanning in 105 ms. Found 0 Redis repository interfaces.
2024-09-22T17:40:14.283+07:00  INFO 18576 --- [restartedMain] o.s.b.w.embedded.tomcat.TomcatWebServer  : Tomcat initialized with port 8080 (http)
2024-09-22T17:40:14.321+07:00  INFO 18576 --- [restartedMain] o.apache.catalina.core.StandardService   : Starting service [Tomcat]
2024-09-22T17:40:14.321+07:00  INFO 18576 --- [restartedMain] o.apache.catalina.core.StandardEngine    : Starting Servlet engine: [Apache Tomcat/10.1.24]
2024-09-22T17:40:14.540+07:00  INFO 18576 --- [restartedMain] o.a.c.c.C.[Tomcat].[localhost].[/]       : Initializing Spring embedded WebApplicationContext
2024-09-22T17:40:14.541+07:00  INFO 18576 --- [restartedMain] w.s.c.ServletWebServerApplicationContext : Root WebApplicationContext: initialization completed in 5622 ms
2024-09-22T17:40:16.488+07:00  INFO 18576 --- [restartedMain] o.s.s.web.DefaultSecurityFilterChain     : Will secure any request with [org.springframework.security.web.session.DisableEncodeUrlFilter@26da7b42, org.springframework.security.web.context.request.async.WebAsyncManagerIntegrationFilter@38f78c44, org.springframework.security.web.context.SecurityContextHolderFilter@64afde5f, org.springframework.security.web.header.HeaderWriterFilter@44ff2b75, org.springframework.web.filter.CorsFilter@400d5b95, org.springframework.security.web.authentication.logout.LogoutFilter@65073a58, org.springframework.security.web.savedrequest.RequestCacheAwareFilter@34a4117a, org.springframework.security.web.servletapi.SecurityContextHolderAwareRequestFilter@8e54dd0, org.springframework.security.web.authentication.AnonymousAuthenticationFilter@458646f0, org.springframework.security.web.session.SessionManagementFilter@131d1145, org.springframework.security.web.access.ExceptionTranslationFilter@2a330c6d, org.springframework.security.web.access.intercept.FilterSecurityInterceptor@6224a49c]
2024-09-22T17:40:19.683+07:00  INFO 18576 --- [restartedMain] o.s.b.d.a.OptionalLiveReloadServer       : LiveReload server is running on port 35729
2024-09-22T17:40:19.760+07:00  INFO 18576 --- [restartedMain] o.s.b.w.embedded.tomcat.TomcatWebServer  : Tomcat started on port 8080 (http) with context path '/'
2024-09-22T17:40:19.789+07:00  INFO 18576 --- [restartedMain] com.project.apolo11.Apolo11Application   : Started Apolo11Application in 12.12 seconds (process running for 14.143)
2024-09-22T17:40:32.281+07:00  INFO 18576 --- [http-nio-8080-exec-1] o.a.c.c.C.[Tomcat].[localhost].[/]       : Initializing Spring DispatcherServlet 'dispatcherServlet'
2024-09-22T17:40:32.282+07:00  INFO 18576 --- [http-nio-8080-exec-1] o.s.web.servlet.DispatcherServlet        : Initializing Servlet 'dispatcherServlet'
2024-09-22T17:40:32.285+07:00  INFO 18576 --- [http-nio-8080-exec-1] o.s.web.servlet.DispatcherServlet        : Completed initialization in 2 ms
2024-09-22T17:43:08.015+07:00  INFO 14432 --- [restartedMain] com.project.apolo11.Apolo11Application   : Starting Apolo11Application using Java 17.0.10 with PID 14432 (D:\APTECH\TECHWIZ\TECHWIZ5\MOBILE\NHOM APOLLO\TechWitz-API\target\classes started by HP in D:\APTECH\TECHWIZ\TECHWIZ5\MOBILE\NHOM APOLLO\TechWitz-API)
2024-09-22T17:43:08.099+07:00  INFO 14432 --- [restartedMain] com.project.apolo11.Apolo11Application   : No active profile set, falling back to 1 default profile: "default"
2024-09-22T17:43:08.800+07:00  INFO 14432 --- [restartedMain] .e.DevToolsPropertyDefaultsPostProcessor : Devtools property defaults active! Set 'spring.devtools.add-properties' to 'false' to disable
2024-09-22T17:43:08.800+07:00  INFO 14432 --- [restartedMain] .e.DevToolsPropertyDefaultsPostProcessor : For additional web related logging consider setting the 'logging.level.web' property to 'DEBUG'
2024-09-22T17:43:10.983+07:00  INFO 14432 --- [restartedMain] .s.d.r.c.RepositoryConfigurationDelegate : Multiple Spring Data modules found, entering strict repository configuration mode
2024-09-22T17:43:10.993+07:00  INFO 14432 --- [restartedMain] .s.d.r.c.RepositoryConfigurationDelegate : Bootstrapping Spring Data Redis repositories in DEFAULT mode.
2024-09-22T17:43:11.077+07:00  INFO 14432 --- [restartedMain] .s.d.r.c.RepositoryConfigurationDelegate : Finished Spring Data repository scanning in 47 ms. Found 0 Redis repository interfaces.
2024-09-22T17:43:12.689+07:00  INFO 14432 --- [restartedMain] o.s.b.w.embedded.tomcat.TomcatWebServer  : Tomcat initialized with port 8080 (http)
2024-09-22T17:43:12.711+07:00  INFO 14432 --- [restartedMain] o.apache.catalina.core.StandardService   : Starting service [Tomcat]
2024-09-22T17:43:12.712+07:00  INFO 14432 --- [restartedMain] o.apache.catalina.core.StandardEngine    : Starting Servlet engine: [Apache Tomcat/10.1.24]
2024-09-22T17:43:12.844+07:00  INFO 14432 --- [restartedMain] o.a.c.c.C.[Tomcat].[localhost].[/]       : Initializing Spring embedded WebApplicationContext
2024-09-22T17:43:12.845+07:00  INFO 14432 --- [restartedMain] w.s.c.ServletWebServerApplicationContext : Root WebApplicationContext: initialization completed in 4044 ms
2024-09-22T17:43:14.319+07:00  INFO 14432 --- [restartedMain] o.s.s.web.DefaultSecurityFilterChain     : Will secure any request with [org.springframework.security.web.session.DisableEncodeUrlFilter@64bc3ed7, org.springframework.security.web.context.request.async.WebAsyncManagerIntegrationFilter@33014eb3, org.springframework.security.web.context.SecurityContextHolderFilter@7554fe7b, org.springframework.security.web.header.HeaderWriterFilter@3a7ace5f, org.springframework.web.filter.CorsFilter@20191989, org.springframework.security.web.authentication.logout.LogoutFilter@3df03a56, org.springframework.security.web.savedrequest.RequestCacheAwareFilter@6eeb5135, org.springframework.security.web.servletapi.SecurityContextHolderAwareRequestFilter@26e18e46, org.springframework.security.web.authentication.AnonymousAuthenticationFilter@13913caf, org.springframework.security.web.session.SessionManagementFilter@6243e1e0, org.springframework.security.web.access.ExceptionTranslationFilter@6570892c, org.springframework.security.web.access.intercept.FilterSecurityInterceptor@30f33569]
2024-09-22T17:43:16.625+07:00  INFO 14432 --- [restartedMain] o.s.b.d.a.OptionalLiveReloadServer       : LiveReload server is running on port 35729
2024-09-22T17:43:16.708+07:00  INFO 14432 --- [restartedMain] o.s.b.w.embedded.tomcat.TomcatWebServer  : Tomcat started on port 8080 (http) with context path '/'
2024-09-22T17:43:16.746+07:00  INFO 14432 --- [restartedMain] com.project.apolo11.Apolo11Application   : Started Apolo11Application in 9.999 seconds (process running for 12.411)
