#
# There is insufficient memory for the Java Runtime Environment to continue.
# Native memory allocation (malloc) failed to allocate 1247328 bytes for Chunk::new
# Possible reasons:
#   The system is out of physical RAM or swap space
#   The process is running with CompressedOops enabled, and the Java Heap may be blocking the growth of the native heap
# Possible solutions:
#   Reduce memory load on the system
#   Increase physical memory or swap space
#   Check if swap backing store is full
#   Decrease Java heap size (-Xmx/-Xms)
#   Decrease number of Java threads
#   Decrease Java thread stack sizes (-Xss)
#   Set larger code cache with -XX:ReservedCodeCacheSize=
#   JVM is running with Unscaled Compressed Oops mode in which the Java heap is
#     placed in the first 4GB address space. The Java Heap base address is the
#     maximum limit for the native heap growth. Please use -XX:HeapBaseMinAddress
#     to set the Java Heap base and to place the Java Heap above 4GB virtual address.
# This output file may be truncated or incomplete.
#
#  Out of Memory Error (arena.cpp:189), pid=14160, tid=7208
#
# JRE version: Java(TM) SE Runtime Environment (17.0.10+11) (build 17.0.10+11-LTS-240)
# Java VM: Java HotSpot(TM) 64-Bit Server VM (17.0.10+11-LTS-240, mixed mode, sharing, tiered, compressed oops, compressed class ptrs, g1 gc, windows-amd64)
# No core dump will be written. Minidumps are not enabled by default on client versions of Windows
#

---------------  S U M M A R Y ------------

Command Line: -javaagent:C:\Users\Admin\IntelliJ IDEA Community Edition 2024.1.4\lib\idea_rt.jar=65472:C:\Users\Admin\IntelliJ IDEA Community Edition 2024.1.4\bin -Dfile.encoding=UTF-8 -Dsun.stdout.encoding=UTF-8 -Dsun.stderr.encoding=UTF-8 com.project.supershop.SupershopApplication

Host: 11th Gen Intel(R) Core(TM) i5-1135G7 @ 2.40GHz, 8 cores, 7G,  Windows 11 , 64 bit Build 22621 (10.0.22621.3672)
Time: Wed Jul 24 19:24:42 2024 SE Asia Standard Time elapsed time: 14.923877 seconds (0d 0h 0m 14s)

---------------  T H R E A D  ---------------

Current thread (0x0000025e6a1563c0):  JavaThread "C2 CompilerThread0" daemon [_thread_in_native, id=7208, stack(0x000000e272100000,0x000000e272200000)]


Current CompileTask:
C2:  14923 9645       4       org.springframework.core.annotation.AnnotationsScanner::getDeclaredAnnotations (166 bytes)

Stack: [0x000000e272100000,0x000000e272200000]
Native frames: (J=compiled Java code, j=interpreted, Vv=VM code, C=native code)
V  [jvm.dll+0x677a5a]
V  [jvm.dll+0x7d8b2d]
V  [jvm.dll+0x7da48e]
V  [jvm.dll+0x7daaf3]
V  [jvm.dll+0x2455ff]
V  [jvm.dll+0xaaafb]
V  [jvm.dll+0xab09c]
V  [jvm.dll+0x361bae]
V  [jvm.dll+0x1bb1da]
V  [jvm.dll+0x217aa7]
V  [jvm.dll+0x216d81]
V  [jvm.dll+0x1a3410]
V  [jvm.dll+0x226aeb]
V  [jvm.dll+0x224cab]
V  [jvm.dll+0x78e45c]
V  [jvm.dll+0x78888a]
V  [jvm.dll+0x676935]
C  [ucrtbase.dll+0x29333]
C  [KERNEL32.DLL+0x1257d]
C  [ntdll.dll+0x5af28]


---------------  P R O C E S S  ---------------

Threads class SMR info:
_java_thread_list=0x0000025e737ad240, length=103, elements={
0x0000025e4c6f6120, 0x0000025e6a1409f0, 0x0000025e6a1413b0, 0x0000025e6a1518d0,
0x0000025e6a152290, 0x0000025e6a154c60, 0x0000025e6a155620, 0x0000025e6a1563c0,
0x0000025e6a156e70, 0x0000025e6a167bb0, 0x0000025e6aa0f020, 0x0000025e6f5a7fc0,
0x0000025e6f5a84a0, 0x0000025e6faa4a40, 0x0000025e6f6f9570, 0x0000025e70ef5e70,
0x0000025e70ef81e0, 0x0000025e700c3b10, 0x0000025e75998340, 0x0000025e7599b5e0,
0x0000025e75997920, 0x0000025e759955b0, 0x0000025e75995fd0, 0x0000025e75996f00,
0x0000025e75999270, 0x0000025e759950a0, 0x0000025e75997e30, 0x0000025e75999780,
0x0000025e75998d60, 0x0000025e7599b0d0, 0x0000025e75999c90, 0x0000025e75997410,
0x0000025e75995ac0, 0x0000025e7599c510, 0x0000025e7599a1a0, 0x0000025e759969f0,
0x0000025e7599abc0, 0x0000025e7599baf0, 0x0000025e7599ca20, 0x0000025e7599c000,
0x0000025e70ef5450, 0x0000025e70ef72b0, 0x0000025e6fab5e60, 0x0000025e6fab5440,
0x0000025e6fab0850, 0x0000025e6faafe30, 0x0000025e6fab1780, 0x0000025e6fab1c90,
0x0000025e6fab5950, 0x0000025e6faaf920, 0x0000025e6fab0340, 0x0000025e6fab4510,
0x0000025e6fab72a0, 0x0000025e6fab1270, 0x0000025e6fab6d90, 0x0000025e6fab6880,
0x0000025e6fab0d60, 0x0000025e6fab21a0, 0x0000025e6fab26b0, 0x0000025e6fab35e0,
0x0000025e6fab6370, 0x0000025e6fab3af0, 0x0000025e6fab4000, 0x0000025e6fab2bc0,
0x0000025e6fab4a20, 0x0000025e6fab4f30, 0x0000025e6fd282b0, 0x0000025e6fd2b040,
0x0000025e6fd2ba60, 0x0000025e6fd287c0, 0x0000025e6fd2a620, 0x0000025e6fd296f0,
0x0000025e6fd2b550, 0x0000025e6fd2ab30, 0x0000025e6fd28cd0, 0x0000025e6fd2a110,
0x0000025e6fd291e0, 0x0000025e6fd29c00, 0x0000025e71349c90, 0x0000025e71345ac0,
0x0000025e71348850, 0x0000025e71349780, 0x0000025e713469f0, 0x0000025e713450a0,
0x0000025e713455b0, 0x0000025e713464e0, 0x0000025e71347920, 0x0000025e71346f00,
0x0000025e71347e30, 0x0000025e71349270, 0x0000025e71344680, 0x0000025e7134a1a0,
0x0000025e7134a6b0, 0x0000025e71348340, 0x0000025e7134abc0, 0x0000025e71347410,
0x0000025e7134b0d0, 0x0000025e71344170, 0x0000025e71345fd0, 0x0000025e71348d60,
0x0000025e71343c60, 0x0000025e7134b5e0, 0x0000025e721da0d0
}

Java Threads: ( => current thread )
  0x0000025e4c6f6120 JavaThread "main" [_thread_blocked, id=12104, stack(0x000000e271400000,0x000000e271500000)]
  0x0000025e6a1409f0 JavaThread "Reference Handler" daemon [_thread_blocked, id=1388, stack(0x000000e271b00000,0x000000e271c00000)]
  0x0000025e6a1413b0 JavaThread "Finalizer" daemon [_thread_blocked, id=14320, stack(0x000000e271c00000,0x000000e271d00000)]
  0x0000025e6a1518d0 JavaThread "Signal Dispatcher" daemon [_thread_blocked, id=13720, stack(0x000000e271d00000,0x000000e271e00000)]
  0x0000025e6a152290 JavaThread "Attach Listener" daemon [_thread_blocked, id=11464, stack(0x000000e271e00000,0x000000e271f00000)]
  0x0000025e6a154c60 JavaThread "Service Thread" daemon [_thread_blocked, id=8740, stack(0x000000e271f00000,0x000000e272000000)]
  0x0000025e6a155620 JavaThread "Monitor Deflation Thread" daemon [_thread_blocked, id=12108, stack(0x000000e272000000,0x000000e272100000)]
=>0x0000025e6a1563c0 JavaThread "C2 CompilerThread0" daemon [_thread_in_native, id=7208, stack(0x000000e272100000,0x000000e272200000)]
  0x0000025e6a156e70 JavaThread "C1 CompilerThread0" daemon [_thread_blocked, id=18156, stack(0x000000e272200000,0x000000e272300000)]
  0x0000025e6a167bb0 JavaThread "Sweeper thread" daemon [_thread_blocked, id=17912, stack(0x000000e272300000,0x000000e272400000)]
  0x0000025e6aa0f020 JavaThread "Common-Cleaner" daemon [_thread_blocked, id=16420, stack(0x000000e272400000,0x000000e272500000)]
  0x0000025e6f5a7fc0 JavaThread "Monitor Ctrl-Break" daemon [_thread_in_native, id=2728, stack(0x000000e272600000,0x000000e272700000)]
  0x0000025e6f5a84a0 JavaThread "Notification Thread" daemon [_thread_blocked, id=1464, stack(0x000000e272700000,0x000000e272800000)]
  0x0000025e6faa4a40 JavaThread "Thread-0" [_thread_blocked, id=14760, stack(0x000000e272d00000,0x000000e272e00000)]
  0x0000025e6f6f9570 JavaThread "restartedMain" [_thread_in_native, id=2024, stack(0x000000e272e00000,0x000000e272f00000)]
  0x0000025e70ef5e70 JavaThread "mysql-cj-abandoned-connection-cleanup" daemon [_thread_blocked, id=16880, stack(0x000000e272f00000,0x000000e273000000)]
  0x0000025e70ef81e0 JavaThread "HikariPool-1 housekeeper" daemon [_thread_blocked, id=3976, stack(0x000000e273600000,0x000000e273700000)]
  0x0000025e700c3b10 JavaThread "C2 CompilerThread1" daemon [_thread_in_native, id=11748, stack(0x000000e272500000,0x000000e272600000)]
  0x0000025e75998340 JavaThread "Catalina-utility-1" [_thread_blocked, id=8572, stack(0x000000e273300000,0x000000e273400000)]
  0x0000025e7599b5e0 JavaThread "http-nio-8080-exec-1" daemon [_thread_blocked, id=13520, stack(0x000000e273800000,0x000000e273900000)]
  0x0000025e75997920 JavaThread "http-nio-8080-exec-2" daemon [_thread_blocked, id=13116, stack(0x000000e273900000,0x000000e273a00000)]
  0x0000025e759955b0 JavaThread "http-nio-8080-exec-3" daemon [_thread_blocked, id=4380, stack(0x000000e273a00000,0x000000e273b00000)]
  0x0000025e75995fd0 JavaThread "http-nio-8080-exec-4" daemon [_thread_blocked, id=14032, stack(0x000000e273b00000,0x000000e273c00000)]
  0x0000025e75996f00 JavaThread "http-nio-8080-exec-5" daemon [_thread_blocked, id=10700, stack(0x000000e273c00000,0x000000e273d00000)]
  0x0000025e75999270 JavaThread "http-nio-8080-exec-6" daemon [_thread_blocked, id=13528, stack(0x000000e273d00000,0x000000e273e00000)]
  0x0000025e759950a0 JavaThread "http-nio-8080-exec-7" daemon [_thread_blocked, id=13532, stack(0x000000e273e00000,0x000000e273f00000)]
  0x0000025e75997e30 JavaThread "http-nio-8080-exec-8" daemon [_thread_blocked, id=896, stack(0x000000e273f00000,0x000000e274000000)]
  0x0000025e75999780 JavaThread "http-nio-8080-exec-9" daemon [_thread_blocked, id=1792, stack(0x000000e274000000,0x000000e274100000)]
  0x0000025e75998d60 JavaThread "http-nio-8080-exec-10" daemon [_thread_blocked, id=692, stack(0x000000e274100000,0x000000e274200000)]
  0x0000025e7599b0d0 JavaThread "Catalina-utility-2" [_thread_blocked, id=15000, stack(0x000000e274200000,0x000000e274300000)]
  0x0000025e75999c90 JavaThread "container-0" [_thread_blocked, id=18360, stack(0x000000e274300000,0x000000e274400000)]
  0x0000025e75997410 JavaThread "HttpClient-1-SelectorManager" daemon [_thread_in_native, id=708, stack(0x000000e274400000,0x000000e274500000)]
  0x0000025e75995ac0 JavaThread "boundedElastic-evictor-1" daemon [_thread_blocked, id=10520, stack(0x000000e274500000,0x000000e274600000)]
  0x0000025e7599c510 JavaThread "HttpClient-2-SelectorManager" daemon [_thread_in_native, id=7620, stack(0x000000e274600000,0x000000e274700000)]
  0x0000025e7599a1a0 JavaThread "java-sdk-http-connection-reaper" daemon [_thread_blocked, id=2908, stack(0x000000e274700000,0x000000e274800000)]
  0x0000025e759969f0 JavaThread "Thread-4" daemon [_thread_in_native, id=17024, stack(0x000000e273700000,0x000000e273800000)]
  0x0000025e7599abc0 JavaThread "redisson-netty-2-1" [_thread_in_native, id=13660, stack(0x000000e274800000,0x000000e274900000)]
  0x0000025e7599baf0 JavaThread "redisson-netty-2-2" [_thread_in_native, id=11548, stack(0x000000e274900000,0x000000e274a00000)]
  0x0000025e7599ca20 JavaThread "redisson-netty-2-3" [_thread_in_native, id=3204, stack(0x000000e274a00000,0x000000e274b00000)]
  0x0000025e7599c000 JavaThread "redisson-netty-2-4" [_thread_in_native, id=5968, stack(0x000000e274b00000,0x000000e274c00000)]
  0x0000025e70ef5450 JavaThread "redisson-netty-2-5" [_thread_in_native, id=13304, stack(0x000000e274c00000,0x000000e274d00000)]
  0x0000025e70ef72b0 JavaThread "redisson-netty-2-6" [_thread_in_native, id=13112, stack(0x000000e274d00000,0x000000e274e00000)]
  0x0000025e6fab5e60 JavaThread "redisson-netty-2-7" [_thread_in_native, id=10684, stack(0x000000e274e00000,0x000000e274f00000)]
  0x0000025e6fab5440 JavaThread "redisson-netty-2-8" [_thread_in_native, id=7584, stack(0x000000e274f00000,0x000000e275000000)]
  0x0000025e6fab0850 JavaThread "redisson-netty-2-9" [_thread_in_native, id=9692, stack(0x000000e275000000,0x000000e275100000)]
  0x0000025e6faafe30 JavaThread "redisson-netty-2-10" [_thread_in_native, id=12928, stack(0x000000e275100000,0x000000e275200000)]
  0x0000025e6fab1780 JavaThread "redisson-netty-2-11" [_thread_in_native, id=3776, stack(0x000000e275200000,0x000000e275300000)]
  0x0000025e6fab1c90 JavaThread "redisson-netty-2-12" [_thread_in_native, id=18264, stack(0x000000e275300000,0x000000e275400000)]
  0x0000025e6fab5950 JavaThread "redisson-netty-2-13" [_thread_in_native, id=13556, stack(0x000000e275400000,0x000000e275500000)]
  0x0000025e6faaf920 JavaThread "redisson-netty-2-14" [_thread_in_native, id=10064, stack(0x000000e275500000,0x000000e275600000)]
  0x0000025e6fab0340 JavaThread "redisson-netty-2-15" [_thread_in_native, id=12960, stack(0x000000e275600000,0x000000e275700000)]
  0x0000025e6fab4510 JavaThread "redisson-netty-2-16" [_thread_in_native, id=4248, stack(0x000000e275700000,0x000000e275800000)]
  0x0000025e6fab72a0 JavaThread "redisson-netty-2-17" [_thread_in_native, id=16708, stack(0x000000e275800000,0x000000e275900000)]
  0x0000025e6fab1270 JavaThread "redisson-netty-2-18" [_thread_in_native, id=18344, stack(0x000000e275900000,0x000000e275a00000)]
  0x0000025e6fab6d90 JavaThread "redisson-netty-2-19" [_thread_in_native, id=8524, stack(0x000000e275a00000,0x000000e275b00000)]
  0x0000025e6fab6880 JavaThread "redisson-netty-2-20" [_thread_in_native, id=15776, stack(0x000000e275b00000,0x000000e275c00000)]
  0x0000025e6fab0d60 JavaThread "redisson-netty-2-21" [_thread_in_native, id=16108, stack(0x000000e275c00000,0x000000e275d00000)]
  0x0000025e6fab21a0 JavaThread "redisson-netty-2-22" [_thread_in_native, id=12996, stack(0x000000e275d00000,0x000000e275e00000)]
  0x0000025e6fab26b0 JavaThread "redisson-netty-2-23" [_thread_in_native, id=260, stack(0x000000e275e00000,0x000000e275f00000)]
  0x0000025e6fab35e0 JavaThread "redisson-netty-2-24" [_thread_in_native, id=10368, stack(0x000000e275f00000,0x000000e276000000)]
  0x0000025e6fab6370 JavaThread "redisson-timer-4-1" [_thread_blocked, id=17928, stack(0x000000e276000000,0x000000e276100000)]
  0x0000025e6fab3af0 JavaThread "redisson-netty-2-26" [_thread_in_native, id=16784, stack(0x000000e276100000,0x000000e276200000)]
  0x0000025e6fab4000 JavaThread "redisson-netty-2-25" [_thread_in_native, id=18320, stack(0x000000e276200000,0x000000e276300000)]
  0x0000025e6fab2bc0 JavaThread "redisson-netty-2-27" [_thread_in_native, id=6964, stack(0x000000e276300000,0x000000e276400000)]
  0x0000025e6fab4a20 JavaThread "redisson-netty-2-32" [_thread_in_native, id=8680, stack(0x000000e276400000,0x000000e276500000)]
  0x0000025e6fab4f30 JavaThread "redisson-netty-2-29" [_thread_in_native, id=10776, stack(0x000000e276500000,0x000000e276600000)]
  0x0000025e6fd282b0 JavaThread "redisson-netty-2-30" [_thread_in_native, id=18120, stack(0x000000e276600000,0x000000e276700000)]
  0x0000025e6fd2b040 JavaThread "redisson-netty-2-31" [_thread_in_native, id=17644, stack(0x000000e276700000,0x000000e276800000)]
  0x0000025e6fd2ba60 JavaThread "redisson-netty-2-28" [_thread_in_native, id=4348, stack(0x000000e276800000,0x000000e276900000)]
  0x0000025e6fd287c0 JavaThread "redisson-netty-5-1" [_thread_in_native, id=12516, stack(0x000000e276900000,0x000000e276a00000)]
  0x0000025e6fd2a620 JavaThread "redisson-netty-5-2" [_thread_in_native, id=18228, stack(0x000000e276a00000,0x000000e276b00000)]
  0x0000025e6fd296f0 JavaThread "redisson-netty-5-3" [_thread_in_native, id=5216, stack(0x000000e276b00000,0x000000e276c00000)]
  0x0000025e6fd2b550 JavaThread "redisson-netty-5-4" [_thread_in_native, id=6572, stack(0x000000e276c00000,0x000000e276d00000)]
  0x0000025e6fd2ab30 JavaThread "redisson-netty-5-5" [_thread_in_native, id=17804, stack(0x000000e276d00000,0x000000e276e00000)]
  0x0000025e6fd28cd0 JavaThread "redisson-netty-5-6" [_thread_in_native, id=17792, stack(0x000000e276e00000,0x000000e276f00000)]
  0x0000025e6fd2a110 JavaThread "redisson-netty-5-7" [_thread_in_native, id=12460, stack(0x000000e276f00000,0x000000e277000000)]
  0x0000025e6fd291e0 JavaThread "redisson-netty-5-8" [_thread_in_native, id=6508, stack(0x000000e277000000,0x000000e277100000)]
  0x0000025e6fd29c00 JavaThread "redisson-netty-5-9" [_thread_in_native, id=4076, stack(0x000000e277100000,0x000000e277200000)]
  0x0000025e71349c90 JavaThread "redisson-netty-5-10" [_thread_in_native, id=15636, stack(0x000000e277200000,0x000000e277300000)]
  0x0000025e71345ac0 JavaThread "redisson-netty-5-11" [_thread_in_native, id=16696, stack(0x000000e277300000,0x000000e277400000)]
  0x0000025e71348850 JavaThread "redisson-netty-5-12" [_thread_in_native, id=10544, stack(0x000000e277400000,0x000000e277500000)]
  0x0000025e71349780 JavaThread "redisson-netty-5-13" [_thread_in_native, id=2988, stack(0x000000e277500000,0x000000e277600000)]
  0x0000025e713469f0 JavaThread "redisson-netty-5-14" [_thread_in_native, id=7984, stack(0x000000e277600000,0x000000e277700000)]
  0x0000025e713450a0 JavaThread "redisson-netty-5-15" [_thread_in_native, id=2284, stack(0x000000e277700000,0x000000e277800000)]
  0x0000025e713455b0 JavaThread "redisson-netty-5-16" [_thread_in_native, id=15208, stack(0x000000e277800000,0x000000e277900000)]
  0x0000025e713464e0 JavaThread "redisson-netty-5-17" [_thread_in_native, id=4528, stack(0x000000e277900000,0x000000e277a00000)]
  0x0000025e71347920 JavaThread "redisson-netty-5-18" [_thread_in_native, id=18152, stack(0x000000e277a00000,0x000000e277b00000)]
  0x0000025e71346f00 JavaThread "redisson-netty-5-19" [_thread_in_native, id=4316, stack(0x000000e277b00000,0x000000e277c00000)]
  0x0000025e71347e30 JavaThread "redisson-timer-7-1" [_thread_blocked, id=9032, stack(0x000000e277c00000,0x000000e277d00000)]
  0x0000025e71349270 JavaThread "redisson-netty-5-20" [_thread_in_native, id=11992, stack(0x000000e277d00000,0x000000e277e00000)]
  0x0000025e71344680 JavaThread "redisson-netty-5-21" [_thread_in_native, id=15772, stack(0x000000e277e00000,0x000000e277f00000)]
  0x0000025e7134a1a0 JavaThread "redisson-netty-5-22" [_thread_in_native, id=18092, stack(0x000000e277f00000,0x000000e278000000)]
  0x0000025e7134a6b0 JavaThread "redisson-netty-5-23" [_thread_in_native, id=2956, stack(0x000000e278000000,0x000000e278100000)]
  0x0000025e71348340 JavaThread "redisson-netty-5-24" [_thread_in_native, id=7704, stack(0x000000e278100000,0x000000e278200000)]
  0x0000025e7134abc0 JavaThread "redisson-netty-5-25" [_thread_in_native, id=10664, stack(0x000000e278200000,0x000000e278300000)]
  0x0000025e71347410 JavaThread "redisson-netty-5-26" [_thread_in_native, id=14268, stack(0x000000e278300000,0x000000e278400000)]
  0x0000025e7134b0d0 JavaThread "redisson-netty-5-30" [_thread_in_native, id=3400, stack(0x000000e278400000,0x000000e278500000)]
  0x0000025e71344170 JavaThread "redisson-netty-5-29" [_thread_in_native, id=6720, stack(0x000000e278500000,0x000000e278600000)]
  0x0000025e71345fd0 JavaThread "redisson-netty-5-28" [_thread_in_native, id=12360, stack(0x000000e278600000,0x000000e278700000)]
  0x0000025e71348d60 JavaThread "redisson-netty-5-31" [_thread_in_native, id=8632, stack(0x000000e278700000,0x000000e278800000)]
  0x0000025e71343c60 JavaThread "redisson-netty-5-32" [_thread_in_native, id=13032, stack(0x000000e278800000,0x000000e278900000)]
  0x0000025e7134b5e0 JavaThread "redisson-netty-5-27" [_thread_in_native, id=7400, stack(0x000000e278900000,0x000000e278a00000)]
  0x0000025e721da0d0 JavaThread "lettuce-timer-9-1" daemon [_thread_blocked, id=15120, stack(0x000000e278a00000,0x000000e278b00000)]

Other Threads:
  0x0000025e6a13e050 VMThread "VM Thread" [stack: 0x000000e271a00000,0x000000e271b00000] [id=12088]
  0x0000025e6f60abe0 WatcherThread [stack: 0x000000e272800000,0x000000e272900000] [id=14444]
  0x0000025e4c74e230 GCTaskThread "GC Thread#0" [stack: 0x000000e271500000,0x000000e271600000] [id=10536]
  0x0000025e6fb7d030 GCTaskThread "GC Thread#1" [stack: 0x000000e272900000,0x000000e272a00000] [id=5544]
  0x0000025e6fd1ff80 GCTaskThread "GC Thread#2" [stack: 0x000000e272a00000,0x000000e272b00000] [id=6568]
  0x0000025e6fb80910 GCTaskThread "GC Thread#3" [stack: 0x000000e272b00000,0x000000e272c00000] [id=2112]
  0x0000025e6feea5b0 GCTaskThread "GC Thread#4" [stack: 0x000000e272c00000,0x000000e272d00000] [id=10900]
  0x0000025e7005eec0 GCTaskThread "GC Thread#5" [stack: 0x000000e273000000,0x000000e273100000] [id=12096]
  0x0000025e70126f50 GCTaskThread "GC Thread#6" [stack: 0x000000e273100000,0x000000e273200000] [id=14116]
  0x0000025e70127210 GCTaskThread "GC Thread#7" [stack: 0x000000e273200000,0x000000e273300000] [id=16256]
  0x0000025e4c75f810 ConcurrentGCThread "G1 Main Marker" [stack: 0x000000e271600000,0x000000e271700000] [id=18368]
  0x0000025e4c7618d0 ConcurrentGCThread "G1 Conc#0" [stack: 0x000000e271700000,0x000000e271800000] [id=3956]
  0x0000025e71669010 ConcurrentGCThread "G1 Conc#1" [stack: 0x000000e273400000,0x000000e273500000] [id=14172]
  0x0000025e4c79e8e0 ConcurrentGCThread "G1 Refine#0" [stack: 0x000000e271800000,0x000000e271900000] [id=13560]
  0x0000025e69fea200 ConcurrentGCThread "G1 Service" [stack: 0x000000e271900000,0x000000e271a00000] [id=2280]

Threads with active compile tasks:
C2 CompilerThread0    14950 9645       4       org.springframework.core.annotation.AnnotationsScanner::getDeclaredAnnotations (166 bytes)
C2 CompilerThread1    14950 9480       4       org.springframework.core.annotation.AnnotationsScanner::processClass (93 bytes)

VM state: not at safepoint (normal execution)

VM Mutex/Monitor currently owned by a thread: None

Heap address: 0x0000000084400000, size: 1980 MB, Compressed Oops mode: 32-bit

CDS archive(s) mapped at: [0x0000025e00000000-0x0000025e00bd0000-0x0000025e00bd0000), size 12386304, SharedBaseAddress: 0x0000025e00000000, ArchiveRelocationMode: 1.
Compressed class space mapped at: 0x0000025e01000000-0x0000025e41000000, reserved size: 1073741824
Narrow klass base: 0x0000025e00000000, Narrow klass shift: 0, Narrow klass range: 0x100000000

GC Precious Log:
 CPUs: 8 total, 8 available
 Memory: 7914M
 Large Page Support: Disabled
 NUMA Support: Disabled
 Compressed Oops: Enabled (32-bit)
 Heap Region Size: 1M
 Heap Min Capacity: 8M
 Heap Initial Capacity: 124M
 Heap Max Capacity: 1980M
 Pre-touch: Disabled
 Parallel Workers: 8
 Concurrent Workers: 2
 Concurrent Refinement Workers: 8
 Periodic GC: Disabled

Heap:
 garbage-first heap   total 150528K, used 92066K [0x0000000084400000, 0x0000000100000000)
  region size 1024K, 31 young (31744K), 1 survivors (1024K)
 Metaspace       used 101737K, committed 102336K, reserved 1179648K
  class space    used 14003K, committed 14272K, reserved 1048576K

Heap Regions: E=young(eden), S=young(survivor), O=old, HS=humongous(starts), HC=humongous(continues), CS=collection set, F=free, OA=open archive, CA=closed archive, TAMS=top-at-mark-start (previous, next)
|   0|0x0000000084400000, 0x0000000084500000, 0x0000000084500000|100%|HS|  |TAMS 0x0000000084500000, 0x0000000084400000| Complete 
|   1|0x0000000084500000, 0x0000000084600000, 0x0000000084600000|100%| O|  |TAMS 0x0000000084600000, 0x0000000084500000| Untracked 
|   2|0x0000000084600000, 0x0000000084700000, 0x0000000084700000|100%| O|  |TAMS 0x0000000084700000, 0x0000000084600000| Untracked 
|   3|0x0000000084700000, 0x0000000084800000, 0x0000000084800000|100%| O|  |TAMS 0x0000000084800000, 0x0000000084700000| Untracked 
|   4|0x0000000084800000, 0x0000000084900000, 0x0000000084900000|100%| O|  |TAMS 0x0000000084900000, 0x0000000084800000| Untracked 
|   5|0x0000000084900000, 0x0000000084a00000, 0x0000000084a00000|100%| O|  |TAMS 0x0000000084a00000, 0x0000000084900000| Untracked 
|   6|0x0000000084a00000, 0x0000000084b00000, 0x0000000084b00000|100%| O|  |TAMS 0x0000000084b00000, 0x0000000084a00000| Untracked 
|   7|0x0000000084b00000, 0x0000000084c00000, 0x0000000084c00000|100%| O|  |TAMS 0x0000000084c00000, 0x0000000084b00000| Untracked 
|   8|0x0000000084c00000, 0x0000000084d00000, 0x0000000084d00000|100%| O|  |TAMS 0x0000000084d00000, 0x0000000084c00000| Untracked 
|   9|0x0000000084d00000, 0x0000000084e00000, 0x0000000084e00000|100%| O|  |TAMS 0x0000000084e00000, 0x0000000084d00000| Untracked 
|  10|0x0000000084e00000, 0x0000000084f00000, 0x0000000084f00000|100%| O|  |TAMS 0x0000000084f00000, 0x0000000084e00000| Untracked 
|  11|0x0000000084f00000, 0x0000000085000000, 0x0000000085000000|100%| O|  |TAMS 0x0000000085000000, 0x0000000084f00000| Untracked 
|  12|0x0000000085000000, 0x0000000085100000, 0x0000000085100000|100%| O|  |TAMS 0x0000000085100000, 0x0000000085000000| Untracked 
|  13|0x0000000085100000, 0x0000000085200000, 0x0000000085200000|100%| O|  |TAMS 0x0000000085200000, 0x0000000085100000| Untracked 
|  14|0x0000000085200000, 0x0000000085300000, 0x0000000085300000|100%| O|  |TAMS 0x0000000085300000, 0x0000000085200000| Untracked 
|  15|0x0000000085300000, 0x0000000085400000, 0x0000000085400000|100%| O|  |TAMS 0x0000000085400000, 0x0000000085300000| Untracked 
|  16|0x0000000085400000, 0x0000000085500000, 0x0000000085500000|100%| O|  |TAMS 0x0000000085500000, 0x0000000085400000| Untracked 
|  17|0x0000000085500000, 0x0000000085600000, 0x0000000085600000|100%| O|  |TAMS 0x0000000085600000, 0x0000000085500000| Untracked 
|  18|0x0000000085600000, 0x0000000085700000, 0x0000000085700000|100%| O|  |TAMS 0x0000000085700000, 0x0000000085600000| Untracked 
|  19|0x0000000085700000, 0x0000000085800000, 0x0000000085800000|100%| O|  |TAMS 0x0000000085800000, 0x0000000085700000| Untracked 
|  20|0x0000000085800000, 0x0000000085900000, 0x0000000085900000|100%| O|  |TAMS 0x0000000085900000, 0x0000000085800000| Untracked 
|  21|0x0000000085900000, 0x0000000085a00000, 0x0000000085a00000|100%| O|  |TAMS 0x0000000085a00000, 0x0000000085900000| Untracked 
|  22|0x0000000085a00000, 0x0000000085b00000, 0x0000000085b00000|100%| O|  |TAMS 0x0000000085b00000, 0x0000000085a00000| Untracked 
|  23|0x0000000085b00000, 0x0000000085c00000, 0x0000000085c00000|100%| O|  |TAMS 0x0000000085c00000, 0x0000000085b00000| Untracked 
|  24|0x0000000085c00000, 0x0000000085d00000, 0x0000000085d00000|100%| O|  |TAMS 0x0000000085d00000, 0x0000000085c00000| Untracked 
|  25|0x0000000085d00000, 0x0000000085e00000, 0x0000000085e00000|100%| O|  |TAMS 0x0000000085e00000, 0x0000000085d00000| Untracked 
|  26|0x0000000085e00000, 0x0000000085f00000, 0x0000000085f00000|100%| O|  |TAMS 0x0000000085f00000, 0x0000000085e00000| Untracked 
|  27|0x0000000085f00000, 0x0000000086000000, 0x0000000086000000|100%| O|  |TAMS 0x0000000086000000, 0x0000000085f00000| Untracked 
|  28|0x0000000086000000, 0x0000000086100000, 0x0000000086100000|100%| O|  |TAMS 0x0000000086100000, 0x0000000086000000| Untracked 
|  29|0x0000000086100000, 0x0000000086200000, 0x0000000086200000|100%| O|  |TAMS 0x0000000086200000, 0x0000000086100000| Untracked 
|  30|0x0000000086200000, 0x0000000086300000, 0x0000000086300000|100%| O|  |TAMS 0x0000000086300000, 0x0000000086200000| Untracked 
|  31|0x0000000086300000, 0x0000000086400000, 0x0000000086400000|100%| O|  |TAMS 0x0000000086400000, 0x0000000086300000| Untracked 
|  32|0x0000000086400000, 0x0000000086500000, 0x0000000086500000|100%| O|  |TAMS 0x0000000086500000, 0x0000000086400000| Untracked 
|  33|0x0000000086500000, 0x0000000086600000, 0x0000000086600000|100%| O|  |TAMS 0x0000000086600000, 0x0000000086500000| Untracked 
|  34|0x0000000086600000, 0x0000000086700000, 0x0000000086700000|100%| O|  |TAMS 0x0000000086700000, 0x0000000086600000| Untracked 
|  35|0x0000000086700000, 0x0000000086800000, 0x0000000086800000|100%| O|  |TAMS 0x0000000086800000, 0x0000000086700000| Untracked 
|  36|0x0000000086800000, 0x0000000086800000, 0x0000000086900000|  0%| F|  |TAMS 0x0000000086800000, 0x0000000086800000| Untracked 
|  37|0x0000000086900000, 0x0000000086a00000, 0x0000000086a00000|100%| O|  |TAMS 0x0000000086a00000, 0x0000000086900000| Untracked 
|  38|0x0000000086a00000, 0x0000000086b00000, 0x0000000086b00000|100%| O|  |TAMS 0x0000000086b00000, 0x0000000086a00000| Untracked 
|  39|0x0000000086b00000, 0x0000000086c00000, 0x0000000086c00000|100%| O|  |TAMS 0x0000000086c00000, 0x0000000086b00000| Untracked 
|  40|0x0000000086c00000, 0x0000000086d00000, 0x0000000086d00000|100%| O|  |TAMS 0x0000000086d00000, 0x0000000086c00000| Untracked 
|  41|0x0000000086d00000, 0x0000000086e00000, 0x0000000086e00000|100%| O|  |TAMS 0x0000000086e00000, 0x0000000086d00000| Untracked 
|  42|0x0000000086e00000, 0x0000000086f00000, 0x0000000086f00000|100%| O|  |TAMS 0x0000000086f00000, 0x0000000086e00000| Untracked 
|  43|0x0000000086f00000, 0x0000000087000000, 0x0000000087000000|100%| O|  |TAMS 0x0000000087000000, 0x0000000086f00000| Untracked 
|  44|0x0000000087000000, 0x0000000087100000, 0x0000000087100000|100%| O|  |TAMS 0x0000000087100000, 0x0000000087000000| Untracked 
|  45|0x0000000087100000, 0x0000000087200000, 0x0000000087200000|100%| O|  |TAMS 0x0000000087200000, 0x0000000087100000| Untracked 
|  46|0x0000000087200000, 0x0000000087300000, 0x0000000087300000|100%| O|  |TAMS 0x0000000087300000, 0x0000000087200000| Untracked 
|  47|0x0000000087300000, 0x0000000087400000, 0x0000000087400000|100%| O|  |TAMS 0x0000000087400000, 0x0000000087300000| Untracked 
|  48|0x0000000087400000, 0x0000000087500000, 0x0000000087500000|100%| O|  |TAMS 0x0000000087500000, 0x0000000087400000| Untracked 
|  49|0x0000000087500000, 0x0000000087600000, 0x0000000087600000|100%| O|  |TAMS 0x0000000087600000, 0x0000000087500000| Untracked 
|  50|0x0000000087600000, 0x0000000087700000, 0x0000000087700000|100%| O|  |TAMS 0x000000008761a800, 0x0000000087600000| Untracked 
|  51|0x0000000087700000, 0x0000000087800000, 0x0000000087800000|100%| O|  |TAMS 0x0000000087700000, 0x0000000087700000| Untracked 
|  52|0x0000000087800000, 0x0000000087900000, 0x0000000087900000|100%| O|  |TAMS 0x0000000087800000, 0x0000000087800000| Untracked 
|  53|0x0000000087900000, 0x0000000087a00000, 0x0000000087a00000|100%| O|  |TAMS 0x0000000087900000, 0x0000000087900000| Untracked 
|  54|0x0000000087a00000, 0x0000000087b00000, 0x0000000087b00000|100%| O|  |TAMS 0x0000000087a00000, 0x0000000087a00000| Untracked 
|  55|0x0000000087b00000, 0x0000000087c00000, 0x0000000087c00000|100%| O|  |TAMS 0x0000000087b00000, 0x0000000087b00000| Untracked 
|  56|0x0000000087c00000, 0x0000000087d00000, 0x0000000087d00000|100%| O|  |TAMS 0x0000000087c00000, 0x0000000087c00000| Untracked 
|  57|0x0000000087d00000, 0x0000000087e00000, 0x0000000087e00000|100%| O|  |TAMS 0x0000000087d00000, 0x0000000087d00000| Untracked 
|  58|0x0000000087e00000, 0x0000000087f00000, 0x0000000087f00000|100%| O|  |TAMS 0x0000000087e00000, 0x0000000087e00000| Untracked 
|  59|0x0000000087f00000, 0x0000000088000000, 0x0000000088000000|100%| O|  |TAMS 0x0000000087f00000, 0x0000000087f00000| Untracked 
|  60|0x0000000088000000, 0x0000000088100000, 0x0000000088100000|100%| O|  |TAMS 0x0000000088000000, 0x0000000088000000| Untracked 
|  61|0x0000000088100000, 0x0000000088184800, 0x0000000088200000| 51%| O|  |TAMS 0x0000000088100000, 0x0000000088100000| Untracked 
|  62|0x0000000088200000, 0x0000000088200000, 0x0000000088300000|  0%| F|  |TAMS 0x0000000088200000, 0x0000000088200000| Untracked 
|  63|0x0000000088300000, 0x0000000088300000, 0x0000000088400000|  0%| F|  |TAMS 0x0000000088300000, 0x0000000088300000| Untracked 
|  64|0x0000000088400000, 0x0000000088400000, 0x0000000088500000|  0%| F|  |TAMS 0x0000000088400000, 0x0000000088400000| Untracked 
|  65|0x0000000088500000, 0x0000000088500000, 0x0000000088600000|  0%| F|  |TAMS 0x0000000088500000, 0x0000000088500000| Untracked 
|  66|0x0000000088600000, 0x0000000088600000, 0x0000000088700000|  0%| F|  |TAMS 0x0000000088600000, 0x0000000088600000| Untracked 
|  67|0x0000000088700000, 0x0000000088700000, 0x0000000088800000|  0%| F|  |TAMS 0x0000000088700000, 0x0000000088700000| Untracked 
|  68|0x0000000088800000, 0x0000000088800000, 0x0000000088900000|  0%| F|  |TAMS 0x0000000088800000, 0x0000000088800000| Untracked 
|  69|0x0000000088900000, 0x0000000088900000, 0x0000000088a00000|  0%| F|  |TAMS 0x0000000088900000, 0x0000000088900000| Untracked 
|  70|0x0000000088a00000, 0x0000000088a00000, 0x0000000088b00000|  0%| F|  |TAMS 0x0000000088a00000, 0x0000000088a00000| Untracked 
|  71|0x0000000088b00000, 0x0000000088b00000, 0x0000000088c00000|  0%| F|  |TAMS 0x0000000088b00000, 0x0000000088b00000| Untracked 
|  72|0x0000000088c00000, 0x0000000088c00000, 0x0000000088d00000|  0%| F|  |TAMS 0x0000000088c00000, 0x0000000088c00000| Untracked 
|  73|0x0000000088d00000, 0x0000000088d00000, 0x0000000088e00000|  0%| F|  |TAMS 0x0000000088d00000, 0x0000000088d00000| Untracked 
|  74|0x0000000088e00000, 0x0000000088e00000, 0x0000000088f00000|  0%| F|  |TAMS 0x0000000088e00000, 0x0000000088e00000| Untracked 
|  75|0x0000000088f00000, 0x0000000088f00000, 0x0000000089000000|  0%| F|  |TAMS 0x0000000088f00000, 0x0000000088f00000| Untracked 
|  76|0x0000000089000000, 0x0000000089000000, 0x0000000089100000|  0%| F|  |TAMS 0x0000000089000000, 0x0000000089000000| Untracked 
|  77|0x0000000089100000, 0x0000000089100000, 0x0000000089200000|  0%| F|  |TAMS 0x0000000089100000, 0x0000000089100000| Untracked 
|  78|0x0000000089200000, 0x0000000089200000, 0x0000000089300000|  0%| F|  |TAMS 0x0000000089200000, 0x0000000089200000| Untracked 
|  79|0x0000000089300000, 0x0000000089300000, 0x0000000089400000|  0%| F|  |TAMS 0x0000000089300000, 0x0000000089300000| Untracked 
|  80|0x0000000089400000, 0x0000000089400000, 0x0000000089500000|  0%| F|  |TAMS 0x0000000089400000, 0x0000000089400000| Untracked 
|  81|0x0000000089500000, 0x0000000089500000, 0x0000000089600000|  0%| F|  |TAMS 0x0000000089500000, 0x0000000089500000| Untracked 
|  82|0x0000000089600000, 0x0000000089600000, 0x0000000089700000|  0%| F|  |TAMS 0x0000000089600000, 0x0000000089600000| Untracked 
|  83|0x0000000089700000, 0x0000000089700000, 0x0000000089800000|  0%| F|  |TAMS 0x0000000089700000, 0x0000000089700000| Untracked 
|  84|0x0000000089800000, 0x0000000089800000, 0x0000000089900000|  0%| F|  |TAMS 0x0000000089800000, 0x0000000089800000| Untracked 
|  85|0x0000000089900000, 0x0000000089900000, 0x0000000089a00000|  0%| F|  |TAMS 0x0000000089900000, 0x0000000089900000| Untracked 
|  86|0x0000000089a00000, 0x0000000089a00000, 0x0000000089b00000|  0%| F|  |TAMS 0x0000000089a00000, 0x0000000089a00000| Untracked 
|  87|0x0000000089b00000, 0x0000000089b00000, 0x0000000089c00000|  0%| F|  |TAMS 0x0000000089b00000, 0x0000000089b00000| Untracked 
|  88|0x0000000089c00000, 0x0000000089c00000, 0x0000000089d00000|  0%| F|  |TAMS 0x0000000089c00000, 0x0000000089c00000| Untracked 
|  89|0x0000000089d00000, 0x0000000089d00000, 0x0000000089e00000|  0%| F|  |TAMS 0x0000000089d00000, 0x0000000089d00000| Untracked 
|  90|0x0000000089e00000, 0x0000000089e00000, 0x0000000089f00000|  0%| F|  |TAMS 0x0000000089e00000, 0x0000000089e00000| Untracked 
|  91|0x0000000089f00000, 0x0000000089f00000, 0x000000008a000000|  0%| F|  |TAMS 0x0000000089f00000, 0x0000000089f00000| Untracked 
|  92|0x000000008a000000, 0x000000008a000000, 0x000000008a100000|  0%| F|  |TAMS 0x000000008a000000, 0x000000008a000000| Untracked 
|  93|0x000000008a100000, 0x000000008a100000, 0x000000008a200000|  0%| F|  |TAMS 0x000000008a100000, 0x000000008a100000| Untracked 
|  94|0x000000008a200000, 0x000000008a200000, 0x000000008a300000|  0%| F|  |TAMS 0x000000008a200000, 0x000000008a200000| Untracked 
|  95|0x000000008a300000, 0x000000008a300000, 0x000000008a400000|  0%| F|  |TAMS 0x000000008a300000, 0x000000008a300000| Untracked 
|  96|0x000000008a400000, 0x000000008a400000, 0x000000008a500000|  0%| F|  |TAMS 0x000000008a400000, 0x000000008a400000| Untracked 
|  97|0x000000008a500000, 0x000000008a500000, 0x000000008a600000|  0%| F|  |TAMS 0x000000008a500000, 0x000000008a500000| Untracked 
|  98|0x000000008a600000, 0x000000008a600000, 0x000000008a700000|  0%| F|  |TAMS 0x000000008a600000, 0x000000008a600000| Untracked 
|  99|0x000000008a700000, 0x000000008a700000, 0x000000008a800000|  0%| F|  |TAMS 0x000000008a700000, 0x000000008a700000| Untracked 
| 100|0x000000008a800000, 0x000000008a800000, 0x000000008a900000|  0%| F|  |TAMS 0x000000008a800000, 0x000000008a800000| Untracked 
| 101|0x000000008a900000, 0x000000008a900000, 0x000000008aa00000|  0%| F|  |TAMS 0x000000008a900000, 0x000000008a900000| Untracked 
| 102|0x000000008aa00000, 0x000000008aa00000, 0x000000008ab00000|  0%| F|  |TAMS 0x000000008aa00000, 0x000000008aa00000| Untracked 
| 103|0x000000008ab00000, 0x000000008ab00000, 0x000000008ac00000|  0%| F|  |TAMS 0x000000008ab00000, 0x000000008ab00000| Untracked 
| 104|0x000000008ac00000, 0x000000008ac00000, 0x000000008ad00000|  0%| F|  |TAMS 0x000000008ac00000, 0x000000008ac00000| Untracked 
| 105|0x000000008ad00000, 0x000000008ad64038, 0x000000008ae00000| 39%| S|CS|TAMS 0x000000008ad00000, 0x000000008ad00000| Complete 
| 106|0x000000008ae00000, 0x000000008ae00000, 0x000000008af00000|  0%| F|  |TAMS 0x000000008ae00000, 0x000000008ae00000| Untracked 
| 107|0x000000008af00000, 0x000000008af00000, 0x000000008b000000|  0%| F|  |TAMS 0x000000008af00000, 0x000000008af00000| Untracked 
| 108|0x000000008b000000, 0x000000008b000000, 0x000000008b100000|  0%| F|  |TAMS 0x000000008b000000, 0x000000008b000000| Untracked 
| 109|0x000000008b100000, 0x000000008b100000, 0x000000008b200000|  0%| F|  |TAMS 0x000000008b100000, 0x000000008b100000| Untracked 
| 110|0x000000008b200000, 0x000000008b200000, 0x000000008b300000|  0%| F|  |TAMS 0x000000008b200000, 0x000000008b200000| Untracked 
| 111|0x000000008b300000, 0x000000008b300000, 0x000000008b400000|  0%| F|  |TAMS 0x000000008b300000, 0x000000008b300000| Untracked 
| 112|0x000000008b400000, 0x000000008b400000, 0x000000008b500000|  0%| F|  |TAMS 0x000000008b400000, 0x000000008b400000| Untracked 
| 113|0x000000008b500000, 0x000000008b500000, 0x000000008b600000|  0%| F|  |TAMS 0x000000008b500000, 0x000000008b500000| Untracked 
| 114|0x000000008b600000, 0x000000008b600000, 0x000000008b700000|  0%| F|  |TAMS 0x000000008b600000, 0x000000008b600000| Untracked 
| 115|0x000000008b700000, 0x000000008b700000, 0x000000008b800000|  0%| F|  |TAMS 0x000000008b700000, 0x000000008b700000| Untracked 
| 116|0x000000008b800000, 0x000000008b800000, 0x000000008b900000|  0%| F|  |TAMS 0x000000008b800000, 0x000000008b800000| Untracked 
| 117|0x000000008b900000, 0x000000008ba00000, 0x000000008ba00000|100%| E|  |TAMS 0x000000008b900000, 0x000000008b900000| Complete 
| 118|0x000000008ba00000, 0x000000008bb00000, 0x000000008bb00000|100%| E|CS|TAMS 0x000000008ba00000, 0x000000008ba00000| Complete 
| 119|0x000000008bb00000, 0x000000008bc00000, 0x000000008bc00000|100%| E|CS|TAMS 0x000000008bb00000, 0x000000008bb00000| Complete 
| 120|0x000000008bc00000, 0x000000008bd00000, 0x000000008bd00000|100%| E|CS|TAMS 0x000000008bc00000, 0x000000008bc00000| Complete 
| 121|0x000000008bd00000, 0x000000008be00000, 0x000000008be00000|100%| E|CS|TAMS 0x000000008bd00000, 0x000000008bd00000| Complete 
| 122|0x000000008be00000, 0x000000008bf00000, 0x000000008bf00000|100%| E|CS|TAMS 0x000000008be00000, 0x000000008be00000| Complete 
| 123|0x000000008bf00000, 0x000000008c000000, 0x000000008c000000|100%| E|CS|TAMS 0x000000008bf00000, 0x000000008bf00000| Complete 
| 124|0x000000008c000000, 0x000000008c100000, 0x000000008c100000|100%| E|CS|TAMS 0x000000008c000000, 0x000000008c000000| Complete 
| 125|0x000000008c100000, 0x000000008c200000, 0x000000008c200000|100%| E|CS|TAMS 0x000000008c100000, 0x000000008c100000| Complete 
| 126|0x000000008c200000, 0x000000008c300000, 0x000000008c300000|100%| E|CS|TAMS 0x000000008c200000, 0x000000008c200000| Complete 
| 127|0x000000008c300000, 0x000000008c400000, 0x000000008c400000|100%| E|CS|TAMS 0x000000008c300000, 0x000000008c300000| Complete 
| 128|0x000000008c400000, 0x000000008c500000, 0x000000008c500000|100%| E|CS|TAMS 0x000000008c400000, 0x000000008c400000| Complete 
| 129|0x000000008c500000, 0x000000008c600000, 0x000000008c600000|100%| E|CS|TAMS 0x000000008c500000, 0x000000008c500000| Complete 
| 130|0x000000008c600000, 0x000000008c700000, 0x000000008c700000|100%| E|CS|TAMS 0x000000008c600000, 0x000000008c600000| Complete 
| 131|0x000000008c700000, 0x000000008c800000, 0x000000008c800000|100%| E|CS|TAMS 0x000000008c700000, 0x000000008c700000| Complete 
| 132|0x000000008c800000, 0x000000008c900000, 0x000000008c900000|100%| E|CS|TAMS 0x000000008c800000, 0x000000008c800000| Complete 
| 133|0x000000008c900000, 0x000000008ca00000, 0x000000008ca00000|100%| E|CS|TAMS 0x000000008c900000, 0x000000008c900000| Complete 
| 134|0x000000008ca00000, 0x000000008cb00000, 0x000000008cb00000|100%| E|CS|TAMS 0x000000008ca00000, 0x000000008ca00000| Complete 
| 135|0x000000008cb00000, 0x000000008cc00000, 0x000000008cc00000|100%| E|CS|TAMS 0x000000008cb00000, 0x000000008cb00000| Complete 
| 136|0x000000008cc00000, 0x000000008cd00000, 0x000000008cd00000|100%| E|CS|TAMS 0x000000008cc00000, 0x000000008cc00000| Complete 
| 137|0x000000008cd00000, 0x000000008ce00000, 0x000000008ce00000|100%| E|CS|TAMS 0x000000008cd00000, 0x000000008cd00000| Complete 
| 138|0x000000008ce00000, 0x000000008cf00000, 0x000000008cf00000|100%| E|CS|TAMS 0x000000008ce00000, 0x000000008ce00000| Complete 
| 139|0x000000008cf00000, 0x000000008d000000, 0x000000008d000000|100%| E|CS|TAMS 0x000000008cf00000, 0x000000008cf00000| Complete 
| 140|0x000000008d000000, 0x000000008d100000, 0x000000008d100000|100%| E|CS|TAMS 0x000000008d000000, 0x000000008d000000| Complete 
| 141|0x000000008d100000, 0x000000008d200000, 0x000000008d200000|100%| E|CS|TAMS 0x000000008d100000, 0x000000008d100000| Complete 
| 142|0x000000008d200000, 0x000000008d300000, 0x000000008d300000|100%| E|CS|TAMS 0x000000008d200000, 0x000000008d200000| Complete 
| 143|0x000000008d300000, 0x000000008d400000, 0x000000008d400000|100%| E|CS|TAMS 0x000000008d300000, 0x000000008d300000| Complete 
| 144|0x000000008d400000, 0x000000008d500000, 0x000000008d500000|100%| E|CS|TAMS 0x000000008d400000, 0x000000008d400000| Complete 
| 145|0x000000008d500000, 0x000000008d600000, 0x000000008d600000|100%| E|CS|TAMS 0x000000008d500000, 0x000000008d500000| Complete 
| 146|0x000000008d600000, 0x000000008d700000, 0x000000008d700000|100%| E|CS|TAMS 0x000000008d600000, 0x000000008d600000| Complete 

Card table byte_map: [0x0000025e636a0000,0x0000025e63a80000] _byte_map_base: 0x0000025e6327e000

Marking Bits (Prev, Next): (CMBitMap*) 0x0000025e4c74f7a0, (CMBitMap*) 0x0000025e4c74f760
 Prev Bits: [0x0000025e65d50000, 0x0000025e67c40000)
 Next Bits: [0x0000025e63e60000, 0x0000025e65d50000)

Polling page: 0x0000025e4a640000

Metaspace:

Usage:
  Non-class:     85.71 MB used.
      Class:     13.68 MB used.
       Both:     99.39 MB used.

Virtual space:
  Non-class space:      128.00 MB reserved,      86.00 MB ( 67%) committed,  2 nodes.
      Class space:        1.00 GB reserved,      14.00 MB (  1%) committed,  1 nodes.
             Both:        1.12 GB reserved,     100.00 MB (  9%) committed. 

Chunk freelists:
   Non-Class:  9.61 MB
       Class:  1.86 MB
        Both:  11.47 MB

MaxMetaspaceSize: unlimited
CompressedClassSpaceSize: 1.00 GB
Initial GC threshold: 21.00 MB
Current GC threshold: 158.06 MB
CDS: on
MetaspaceReclaimPolicy: balanced
 - commit_granule_bytes: 65536.
 - commit_granule_words: 8192.
 - virtual_space_node_default_size: 8388608.
 - enlarge_chunks_in_place: 1.
 - new_chunks_are_fully_committed: 0.
 - uncommit_free_chunks: 1.
 - use_allocation_guard: 0.
 - handle_deallocations: 1.


Internal statistics:

num_allocs_failed_limit: 9.
num_arena_births: 932.
num_arena_deaths: 14.
num_vsnodes_births: 3.
num_vsnodes_deaths: 0.
num_space_committed: 1601.
num_space_uncommitted: 0.
num_chunks_returned_to_freelist: 30.
num_chunks_taken_from_freelist: 4621.
num_chunk_merges: 10.
num_chunk_splits: 3410.
num_chunks_enlarged: 2723.
num_inconsistent_stats: 0.

CodeHeap 'non-profiled nmethods': size=120000Kb used=5674Kb max_used=5759Kb free=114325Kb
 bounds [0x0000025e5ba50000, 0x0000025e5bff0000, 0x0000025e62f80000]
CodeHeap 'profiled nmethods': size=120000Kb used=15873Kb max_used=15873Kb free=104126Kb
 bounds [0x0000025e53f80000, 0x0000025e54f10000, 0x0000025e5b4b0000]
CodeHeap 'non-nmethods': size=5760Kb used=1447Kb max_used=1502Kb free=4312Kb
 bounds [0x0000025e5b4b0000, 0x0000025e5b720000, 0x0000025e5ba50000]
 total_blobs=9059 nmethods=8275 adapters=695
 compilation: enabled
              stopped_count=0, restarted_count=0
 full_count=0

Compilation events (20 events):
Event: 14.883 Thread 0x0000025e6a156e70 9704       2       sun.reflect.generics.reflectiveObjects.TypeVariableImpl::<init> (22 bytes)
Event: 14.883 Thread 0x0000025e6a156e70 nmethod 9704 0x0000025e54ef9590 code [0x0000025e54ef9720, 0x0000025e54ef9998]
Event: 14.894 Thread 0x0000025e6a156e70 9705       1       org.springframework.aop.framework.autoproxy.AbstractAutoProxyCreator::determineCandidateConstructors (2 bytes)
Event: 14.895 Thread 0x0000025e6a156e70 nmethod 9705 0x0000025e5bd83190 code [0x0000025e5bd83320, 0x0000025e5bd833f8]
Event: 14.901 Thread 0x0000025e6a156e70 9706       2       org.springframework.core.ResolvableType::forMethodReturnType (20 bytes)
Event: 14.902 Thread 0x0000025e6a156e70 nmethod 9706 0x0000025e54ef9a10 code [0x0000025e54ef9be0, 0x0000025e54ef9f98]
Event: 14.903 Thread 0x0000025e6a156e70 9707       3       org.springframework.boot.context.properties.source.SoftReferenceConfigurationPropertyCache::now (4 bytes)
Event: 14.903 Thread 0x0000025e6a156e70 nmethod 9707 0x0000025e54efa190 code [0x0000025e54efa340, 0x0000025e54efa4c8]
Event: 14.903 Thread 0x0000025e6a156e70 9708       2       org.springframework.boot.context.properties.source.SpringConfigurationPropertySources$SourcesIterator::fetchNext (139 bytes)
Event: 14.904 Thread 0x0000025e6a156e70 nmethod 9708 0x0000025e54efa590 code [0x0000025e54efa820, 0x0000025e54efaf68]
Event: 14.904 Thread 0x0000025e6a156e70 9709       3       org.springframework.boot.context.properties.source.SpringIterableConfigurationPropertySource$$Lambda$114/0x0000025e010b9ac0::apply (12 bytes)
Event: 14.904 Thread 0x0000025e6a156e70 nmethod 9709 0x0000025e54efb290 code [0x0000025e54efb4e0, 0x0000025e54efbf28]
Event: 14.904 Thread 0x0000025e6a156e70 9710       3       org.springframework.boot.context.properties.source.SpringIterableConfigurationPropertySource::updateMappings (20 bytes)
Event: 14.905 Thread 0x0000025e6a156e70 nmethod 9710 0x0000025e54efc290 code [0x0000025e54efc4c0, 0x0000025e54efcd88]
Event: 14.905 Thread 0x0000025e6a156e70 9711       3       org.springframework.boot.context.properties.source.SpringIterableConfigurationPropertySource$$Lambda$115/0x0000025e010b9f08::<init> (10 bytes)
Event: 14.905 Thread 0x0000025e6a156e70 nmethod 9711 0x0000025e54efd090 code [0x0000025e54efd220, 0x0000025e54efd3d8]
Event: 14.905 Thread 0x0000025e6a156e70 9712       3       org.springframework.boot.context.properties.source.SoftReferenceConfigurationPropertyCache::setValue (13 bytes)
Event: 14.905 Thread 0x0000025e6a156e70 nmethod 9712 0x0000025e54efd490 code [0x0000025e54efd660, 0x0000025e54efdab8]
Event: 14.905 Thread 0x0000025e6a156e70 9713       2       org.springframework.boot.context.properties.source.SpringIterableConfigurationPropertySource::isImmutablePropertySource (54 bytes)
Event: 14.906 Thread 0x0000025e6a156e70 nmethod 9713 0x0000025e54efdc10 code [0x0000025e54efdde0, 0x0000025e54efe0e8]

GC Heap History (20 events):
Event: 11.282 GC heap before
{Heap before GC invocations=25 (full 0):
 garbage-first heap   total 70656K, used 57435K [0x0000000084400000, 0x0000000100000000)
  region size 1024K, 20 young (20480K), 3 survivors (3072K)
 Metaspace       used 79045K, committed 79680K, reserved 1179648K
  class space    used 10831K, committed 11136K, reserved 1048576K
}
Event: 11.287 GC heap after
{Heap after GC invocations=26 (full 0):
 garbage-first heap   total 70656K, used 41738K [0x0000000084400000, 0x0000000100000000)
  region size 1024K, 2 young (2048K), 2 survivors (2048K)
 Metaspace       used 79045K, committed 79680K, reserved 1179648K
  class space    used 10831K, committed 11136K, reserved 1048576K
}
Event: 11.521 GC heap before
{Heap before GC invocations=27 (full 0):
 garbage-first heap   total 78848K, used 57098K [0x0000000084400000, 0x0000000100000000)
  region size 1024K, 17 young (17408K), 2 survivors (2048K)
 Metaspace       used 80665K, committed 81216K, reserved 1179648K
  class space    used 11181K, committed 11456K, reserved 1048576K
}
Event: 11.524 GC heap after
{Heap after GC invocations=28 (full 0):
 garbage-first heap   total 78848K, used 43028K [0x0000000084400000, 0x0000000100000000)
  region size 1024K, 3 young (3072K), 3 survivors (3072K)
 Metaspace       used 80665K, committed 81216K, reserved 1179648K
  class space    used 11181K, committed 11456K, reserved 1048576K
}
Event: 11.938 GC heap before
{Heap before GC invocations=28 (full 0):
 garbage-first heap   total 78848K, used 62484K [0x0000000084400000, 0x0000000100000000)
  region size 1024K, 23 young (23552K), 3 survivors (3072K)
 Metaspace       used 84365K, committed 84992K, reserved 1179648K
  class space    used 11672K, committed 11968K, reserved 1048576K
}
Event: 11.944 GC heap after
{Heap after GC invocations=29 (full 0):
 garbage-first heap   total 78848K, used 44612K [0x0000000084400000, 0x0000000100000000)
  region size 1024K, 3 young (3072K), 3 survivors (3072K)
 Metaspace       used 84365K, committed 84992K, reserved 1179648K
  class space    used 11672K, committed 11968K, reserved 1048576K
}
Event: 12.528 GC heap before
{Heap before GC invocations=30 (full 0):
 garbage-first heap   total 78848K, used 64068K [0x0000000084400000, 0x0000000100000000)
  region size 1024K, 22 young (22528K), 3 survivors (3072K)
 Metaspace       used 89531K, committed 90176K, reserved 1179648K
  class space    used 12324K, committed 12608K, reserved 1048576K
}
Event: 12.533 GC heap after
{Heap after GC invocations=31 (full 0):
 garbage-first heap   total 78848K, used 47272K [0x0000000084400000, 0x0000000100000000)
  region size 1024K, 3 young (3072K), 3 survivors (3072K)
 Metaspace       used 89531K, committed 90176K, reserved 1179648K
  class space    used 12324K, committed 12608K, reserved 1048576K
}
Event: 12.566 GC heap before
{Heap before GC invocations=31 (full 0):
 garbage-first heap   total 78848K, used 48296K [0x0000000084400000, 0x0000000100000000)
  region size 1024K, 4 young (4096K), 3 survivors (3072K)
 Metaspace       used 89958K, committed 90560K, reserved 1179648K
  class space    used 12394K, committed 12672K, reserved 1048576K
}
Event: 12.570 GC heap after
{Heap after GC invocations=32 (full 0):
 garbage-first heap   total 78848K, used 47287K [0x0000000084400000, 0x0000000100000000)
  region size 1024K, 1 young (1024K), 1 survivors (1024K)
 Metaspace       used 89958K, committed 90560K, reserved 1179648K
  class space    used 12394K, committed 12672K, reserved 1048576K
}
Event: 12.978 GC heap before
{Heap before GC invocations=32 (full 0):
 garbage-first heap   total 78848K, used 62647K [0x0000000084400000, 0x0000000100000000)
  region size 1024K, 17 young (17408K), 1 survivors (1024K)
 Metaspace       used 94155K, committed 94720K, reserved 1179648K
  class space    used 12915K, committed 13184K, reserved 1048576K
}
Event: 12.981 GC heap after
{Heap after GC invocations=33 (full 0):
 garbage-first heap   total 78848K, used 48764K [0x0000000084400000, 0x0000000100000000)
  region size 1024K, 2 young (2048K), 2 survivors (2048K)
 Metaspace       used 94155K, committed 94720K, reserved 1179648K
  class space    used 12915K, committed 13184K, reserved 1048576K
}
Event: 13.264 GC heap before
{Heap before GC invocations=34 (full 0):
 garbage-first heap   total 89088K, used 64124K [0x0000000084400000, 0x0000000100000000)
  region size 1024K, 17 young (17408K), 2 survivors (2048K)
 Metaspace       used 95681K, committed 96320K, reserved 1179648K
  class space    used 13182K, committed 13504K, reserved 1048576K
}
Event: 13.269 GC heap after
{Heap after GC invocations=35 (full 0):
 garbage-first heap   total 89088K, used 54378K [0x0000000084400000, 0x0000000100000000)
  region size 1024K, 3 young (3072K), 3 survivors (3072K)
 Metaspace       used 95681K, committed 96320K, reserved 1179648K
  class space    used 13182K, committed 13504K, reserved 1048576K
}
Event: 13.545 GC heap before
{Heap before GC invocations=35 (full 0):
 garbage-first heap   total 89088K, used 69738K [0x0000000084400000, 0x0000000100000000)
  region size 1024K, 18 young (18432K), 3 survivors (3072K)
 Metaspace       used 96382K, committed 97024K, reserved 1179648K
  class space    used 13245K, committed 13568K, reserved 1048576K
}
Event: 13.549 GC heap after
{Heap after GC invocations=36 (full 0):
 garbage-first heap   total 89088K, used 60492K [0x0000000084400000, 0x0000000100000000)
  region size 1024K, 3 young (3072K), 3 survivors (3072K)
 Metaspace       used 96382K, committed 97024K, reserved 1179648K
  class space    used 13245K, committed 13568K, reserved 1048576K
}
Event: 13.892 GC heap before
{Heap before GC invocations=37 (full 0):
 garbage-first heap   total 104448K, used 68684K [0x0000000084400000, 0x0000000100000000)
  region size 1024K, 11 young (11264K), 3 survivors (3072K)
 Metaspace       used 97124K, committed 97728K, reserved 1179648K
  class space    used 13348K, committed 13632K, reserved 1048576K
}
Event: 13.895 GC heap after
{Heap after GC invocations=38 (full 0):
 garbage-first heap   total 104448K, used 62112K [0x0000000084400000, 0x0000000100000000)
  region size 1024K, 2 young (2048K), 2 survivors (2048K)
 Metaspace       used 97124K, committed 97728K, reserved 1179648K
  class space    used 13348K, committed 13632K, reserved 1048576K
}
Event: 13.981 GC heap before
{Heap before GC invocations=38 (full 0):
 garbage-first heap   total 104448K, used 64160K [0x0000000084400000, 0x0000000100000000)
  region size 1024K, 5 young (5120K), 2 survivors (2048K)
 Metaspace       used 97568K, committed 98176K, reserved 1179648K
  class space    used 13420K, committed 13696K, reserved 1048576K
}
Event: 13.985 GC heap after
{Heap after GC invocations=39 (full 0):
 garbage-first heap   total 150528K, used 62370K [0x0000000084400000, 0x0000000100000000)
  region size 1024K, 1 young (1024K), 1 survivors (1024K)
 Metaspace       used 97568K, committed 98176K, reserved 1179648K
  class space    used 13420K, committed 13696K, reserved 1048576K
}

Deoptimization events (20 events):
Event: 14.178 Thread 0x0000025e6f6f9570 Uncommon trap: trap_request=0xffffffc6 fr.pc=0x0000025e5be0b00c relative=0x00000000000002cc
Event: 14.178 Thread 0x0000025e6f6f9570 Uncommon trap: reason=bimorphic_or_optimized_type_check action=maybe_recompile pc=0x0000025e5be0b00c method=java.util.stream.AbstractPipeline.spliterator()Ljava/util/Spliterator; @ 112 c2
Event: 14.178 Thread 0x0000025e6f6f9570 DEOPT PACKING pc=0x0000025e5be0b00c sp=0x000000e272efd020
Event: 14.178 Thread 0x0000025e6f6f9570 DEOPT UNPACKING pc=0x0000025e5b505ba3 sp=0x000000e272efcfc8 mode 2
Event: 14.178 Thread 0x0000025e6f6f9570 Uncommon trap: trap_request=0xffffffc6 fr.pc=0x0000025e5be92d80 relative=0x0000000000001b80
Event: 14.178 Thread 0x0000025e6f6f9570 Uncommon trap: reason=bimorphic_or_optimized_type_check action=maybe_recompile pc=0x0000025e5be92d80 method=java.util.stream.StreamSpliterators$WrappingSpliterator.initPartialTraversalState()V @ 29 c2
Event: 14.178 Thread 0x0000025e6f6f9570 DEOPT PACKING pc=0x0000025e5be92d80 sp=0x000000e272efd0a0
Event: 14.178 Thread 0x0000025e6f6f9570 DEOPT UNPACKING pc=0x0000025e5b505ba3 sp=0x000000e272efcf98 mode 2
Event: 14.182 Thread 0x0000025e6f6f9570 Uncommon trap: trap_request=0xffffffc6 fr.pc=0x0000025e5be0b00c relative=0x00000000000002cc
Event: 14.182 Thread 0x0000025e6f6f9570 Uncommon trap: reason=bimorphic_or_optimized_type_check action=maybe_recompile pc=0x0000025e5be0b00c method=java.util.stream.AbstractPipeline.spliterator()Ljava/util/Spliterator; @ 112 c2
Event: 14.182 Thread 0x0000025e6f6f9570 DEOPT PACKING pc=0x0000025e5be0b00c sp=0x000000e272efd000
Event: 14.182 Thread 0x0000025e6f6f9570 DEOPT UNPACKING pc=0x0000025e5b505ba3 sp=0x000000e272efcfa8 mode 2
Event: 14.182 Thread 0x0000025e6f6f9570 Uncommon trap: trap_request=0xffffffc6 fr.pc=0x0000025e5be92d80 relative=0x0000000000001b80
Event: 14.182 Thread 0x0000025e6f6f9570 Uncommon trap: reason=bimorphic_or_optimized_type_check action=maybe_recompile pc=0x0000025e5be92d80 method=java.util.stream.StreamSpliterators$WrappingSpliterator.initPartialTraversalState()V @ 29 c2
Event: 14.182 Thread 0x0000025e6f6f9570 DEOPT PACKING pc=0x0000025e5be92d80 sp=0x000000e272efd080
Event: 14.182 Thread 0x0000025e6f6f9570 DEOPT UNPACKING pc=0x0000025e5b505ba3 sp=0x000000e272efcf78 mode 2
Event: 14.493 Thread 0x0000025e6f6f9570 Uncommon trap: trap_request=0xffffff45 fr.pc=0x0000025e5bdfda8c relative=0x000000000000070c
Event: 14.493 Thread 0x0000025e6f6f9570 Uncommon trap: reason=unstable_if action=reinterpret pc=0x0000025e5bdfda8c method=java.util.EnumSet.noneOf(Ljava/lang/Class;)Ljava/util/EnumSet; @ 40 c2
Event: 14.493 Thread 0x0000025e6f6f9570 DEOPT PACKING pc=0x0000025e5bdfda8c sp=0x000000e272efb9d0
Event: 14.493 Thread 0x0000025e6f6f9570 DEOPT UNPACKING pc=0x0000025e5b505ba3 sp=0x000000e272efb9b0 mode 2

Classes unloaded (7 events):
Event: 11.328 Thread 0x0000025e6a13e050 Unloading class 0x0000025e019e8c00 'jdk/internal/reflect/GeneratedSerializationConstructorAccessor3'
Event: 11.328 Thread 0x0000025e6a13e050 Unloading class 0x0000025e019e8800 'jdk/internal/reflect/GeneratedSerializationConstructorAccessor2'
Event: 11.328 Thread 0x0000025e6a13e050 Unloading class 0x0000025e019e8000 'jdk/internal/reflect/GeneratedSerializationConstructorAccessor1'
Event: 11.999 Thread 0x0000025e6a13e050 Unloading class 0x0000025e01a3c000 'jdk/internal/reflect/GeneratedSerializationConstructorAccessor4'
Event: 13.038 Thread 0x0000025e6a13e050 Unloading class 0x0000025e01c2c800 'jdk/internal/reflect/GeneratedSerializationConstructorAccessor7'
Event: 13.038 Thread 0x0000025e6a13e050 Unloading class 0x0000025e01c2c000 'jdk/internal/reflect/GeneratedSerializationConstructorAccessor6'
Event: 13.038 Thread 0x0000025e6a13e050 Unloading class 0x0000025e01aa8c00 'jdk/internal/reflect/GeneratedSerializationConstructorAccessor5'

Classes redefined (0 events):
No events

Internal exceptions (20 events):
Event: 11.341 Thread 0x0000025e6f6f9570 Exception <a 'java/lang/reflect/InvocationTargetException'{0x000000008adaf8f0}> (0x000000008adaf8f0) 
thrown [s\open\src\hotspot\share\runtime\reflection.cpp, line 1121]
Event: 11.656 Thread 0x0000025e6f6f9570 Exception <a 'java/lang/reflect/InvocationTargetException'{0x00000000887df140}> (0x00000000887df140) 
thrown [s\open\src\hotspot\share\runtime\reflection.cpp, line 1121]
Event: 11.993 Thread 0x0000025e6f6f9570 Exception <a 'java/lang/IncompatibleClassChangeError'{0x000000008bfca810}: Found class java.lang.Object, but interface was expected> (0x000000008bfca810) 
thrown [s\open\src\hotspot\share\interpreter\linkResolver.cpp, line 826]
Event: 12.063 Thread 0x0000025e6f6f9570 Implicit null exception at 0x0000025e5bc17ff9 to 0x0000025e5bc181ac
Event: 12.135 Thread 0x0000025e6f6f9570 Implicit null exception at 0x0000025e5bf3ab56 to 0x0000025e5bf3b020
Event: 12.335 Thread 0x0000025e6f6f9570 Exception <a 'java/lang/NoSuchMethodError'{0x00000000885c41a8}: 'java.lang.Object java.lang.invoke.Invokers$Holder.invoker(java.lang.Object, java.lang.Object, java.lang.Object, java.lang.Object)'> (0x00000000885c41a8) 
thrown [s\open\src\hotspot\share\interpreter\linkResolver.cpp, line 759]
Event: 12.336 Thread 0x0000025e6f6f9570 Exception <a 'java/lang/NoSuchMethodError'{0x00000000885cd9b8}: 'int java.lang.invoke.DirectMethodHandle$Holder.invokeSpecial(java.lang.Object, java.lang.Object, java.lang.Object, int)'> (0x00000000885cd9b8) 
thrown [s\open\src\hotspot\share\interpreter\linkResolver.cpp, line 759]
Event: 12.337 Thread 0x0000025e6f6f9570 Exception <a 'java/lang/NoSuchMethodError'{0x00000000885df6a0}: 'java.lang.Object java.lang.invoke.DirectMethodHandle$Holder.invokeStatic(java.lang.Object, java.lang.Object, java.lang.Object, java.lang.Object, int)'> (0x00000000885df6a0) 
thrown [s\open\src\hotspot\share\interpreter\linkResolver.cpp, line 759]
Event: 12.338 Thread 0x0000025e6f6f9570 Exception <a 'java/lang/NoSuchMethodError'{0x00000000885ea060}: 'void java.lang.invoke.DelegatingMethodHandle$Holder.reinvoke_L(java.lang.Object, java.lang.Object, int)'> (0x00000000885ea060) 
thrown [s\open\src\hotspot\share\interpreter\linkResolver.cpp, line 759]
Event: 12.339 Thread 0x0000025e6f6f9570 Exception <a 'java/lang/NoSuchMethodError'{0x00000000885f7d58}: 'java.lang.Object java.lang.invoke.Invokers$Holder.invokeExact_MT(java.lang.Object, java.lang.Object, java.lang.Object, java.lang.Object)'> (0x00000000885f7d58) 
thrown [s\open\src\hotspot\share\interpreter\linkResolver.cpp, line 759]
Event: 12.844 Thread 0x0000025e6f6f9570 Exception <a 'java/io/FileNotFoundException'{0x00000000885ba2f0}> (0x00000000885ba2f0) 
thrown [s\open\src\hotspot\share\prims\jni.cpp, line 516]
Event: 12.966 Thread 0x0000025e6f6f9570 Exception <a 'java/lang/NoSuchMethodError'{0x00000000880b09e8}: 'java.lang.Object java.lang.invoke.DirectMethodHandle$Holder.newInvokeSpecial(java.lang.Object, java.lang.Object, java.lang.Object, java.lang.Object, java.lang.Object, int)'> (0x00000000880b09e8) 
thrown [s\open\src\hotspot\share\interpreter\linkResolver.cpp, line 759]
Event: 12.967 Thread 0x0000025e6f6f9570 Exception <a 'java/lang/NoSuchMethodError'{0x00000000880b4fb0}: 'java.lang.Object java.lang.invoke.Invokers$Holder.linkToTargetMethod(java.lang.Object, java.lang.Object, java.lang.Object, java.lang.Object, int, java.lang.Object)'> (0x00000000880b4fb0) 
thrown [s\open\src\hotspot\share\interpreter\linkResolver.cpp, line 759]
Event: 13.866 Thread 0x0000025e6f6f9570 Exception <a 'java/lang/IncompatibleClassChangeError'{0x000000008aab42d8}: Found class java.lang.Object, but interface was expected> (0x000000008aab42d8) 
thrown [s\open\src\hotspot\share\interpreter\linkResolver.cpp, line 826]
Event: 14.104 Thread 0x0000025e6f6f9570 Exception <a 'sun/nio/fs/WindowsException'{0x000000008d3d9b48}> (0x000000008d3d9b48) 
thrown [s\open\src\hotspot\share\prims\jni.cpp, line 516]
Event: 14.152 Thread 0x0000025e6f6f9570 Exception <a 'java/lang/NoSuchMethodError'{0x000000008d077848}: 'java.lang.Object java.lang.invoke.DirectMethodHandle$Holder.invokeInterface(java.lang.Object, java.lang.Object, java.lang.Object, java.lang.Object)'> (0x000000008d077848) 
thrown [s\open\src\hotspot\share\interpreter\linkResolver.cpp, line 759]
Event: 14.266 Thread 0x0000025e6f6f9570 Exception <a 'java/lang/NoSuchMethodError'{0x000000008cc16df0}: 'void java.lang.invoke.DirectMethodHandle$Holder.invokeVirtual(java.lang.Object, java.lang.Object, long)'> (0x000000008cc16df0) 
thrown [s\open\src\hotspot\share\interpreter\linkResolver.cpp, line 759]
Event: 14.434 Thread 0x0000025e6f6f9570 Exception <a 'java/lang/NoSuchMethodError'{0x000000008c631d08}: 'void java.lang.invoke.DirectMethodHandle$Holder.invokeStaticInit(java.lang.Object)'> (0x000000008c631d08) 
thrown [s\open\src\hotspot\share\interpreter\linkResolver.cpp, line 759]
Event: 14.621 Thread 0x0000025e6f6f9570 Exception <a 'java/lang/NoSuchMethodError'{0x000000008c3b7428}: 'java.lang.Object java.lang.invoke.DirectMethodHandle$Holder.invokeStaticInit(java.lang.Object, long)'> (0x000000008c3b7428) 
thrown [s\open\src\hotspot\share\interpreter\linkResolver.cpp, line 759]
Event: 14.913 Thread 0x0000025e6f6f9570 Exception <a 'java/lang/IncompatibleClassChangeError'{0x000000008ba38d00}: Found class java.lang.Object, but interface was expected> (0x000000008ba38d00) 
thrown [s\open\src\hotspot\share\interpreter\linkResolver.cpp, line 826]

VM Operations (20 events):
Event: 13.981 Executing VM operation: G1CollectForAllocation
Event: 13.985 Executing VM operation: G1CollectForAllocation done
Event: 14.010 Executing VM operation: HandshakeAllThreads
Event: 14.010 Executing VM operation: HandshakeAllThreads done
Event: 14.308 Executing VM operation: HandshakeAllThreads
Event: 14.308 Executing VM operation: HandshakeAllThreads done
Event: 14.452 Executing VM operation: HandshakeAllThreads
Event: 14.452 Executing VM operation: HandshakeAllThreads done
Event: 14.467 Executing VM operation: HandshakeAllThreads
Event: 14.467 Executing VM operation: HandshakeAllThreads done
Event: 14.495 Executing VM operation: HandshakeAllThreads
Event: 14.496 Executing VM operation: HandshakeAllThreads done
Event: 14.497 Executing VM operation: HandshakeAllThreads
Event: 14.497 Executing VM operation: HandshakeAllThreads done
Event: 14.497 Executing VM operation: HandshakeAllThreads
Event: 14.497 Executing VM operation: HandshakeAllThreads done
Event: 14.614 Executing VM operation: HandshakeAllThreads
Event: 14.614 Executing VM operation: HandshakeAllThreads done
Event: 14.822 Executing VM operation: HandshakeAllThreads
Event: 14.823 Executing VM operation: HandshakeAllThreads done

Events (20 events):
Event: 13.432 Thread 0x0000025e7134abc0 Thread added: 0x0000025e7134abc0
Event: 13.434 Thread 0x0000025e71347410 Thread added: 0x0000025e71347410
Event: 13.437 Thread 0x0000025e7134b0d0 Thread added: 0x0000025e7134b0d0
Event: 13.437 Thread 0x0000025e71344170 Thread added: 0x0000025e71344170
Event: 13.437 Thread 0x0000025e71345fd0 Thread added: 0x0000025e71345fd0
Event: 13.438 Thread 0x0000025e71348d60 Thread added: 0x0000025e71348d60
Event: 13.441 Thread 0x0000025e71343c60 Thread added: 0x0000025e71343c60
Event: 13.458 Thread 0x0000025e7134b5e0 Thread added: 0x0000025e7134b5e0
Event: 13.812 loading class sun/reflect/annotation/AnnotatedTypeFactory$AnnotatedArrayTypeImpl
Event: 13.813 loading class sun/reflect/annotation/AnnotatedTypeFactory$AnnotatedArrayTypeImpl done
Event: 14.456 loading class jdk/jfr/Event
Event: 14.456 loading class jdk/jfr/Event done
Event: 14.474 Thread 0x0000025e721da0d0 Thread added: 0x0000025e721da0d0
Event: 14.493 loading class java/util/JumboEnumSet
Event: 14.494 loading class java/util/JumboEnumSet done
Event: 14.515 Thread 0x0000025e6a167bb0 flushing nmethod 0x0000025e54be1690
Event: 14.616 loading class java/util/function/IntSupplier
Event: 14.617 loading class java/util/function/IntSupplier done
Event: 14.620 loading class java/util/function/LongFunction
Event: 14.620 loading class java/util/function/LongFunction done


Dynamic libraries:
0x00007ff7dc6f0000 - 0x00007ff7dc700000 	C:\Program Files\Java\jdk-17.0.10\bin\java.exe
0x00007ffab8270000 - 0x00007ffab8487000 	C:\WINDOWS\SYSTEM32\ntdll.dll
0x00007ffab6b10000 - 0x00007ffab6bd4000 	C:\WINDOWS\System32\KERNEL32.DLL
0x00007ffab58c0000 - 0x00007ffab5c6d000 	C:\WINDOWS\System32\KERNELBASE.dll
0x00007ffab5c70000 - 0x00007ffab5d81000 	C:\WINDOWS\System32\ucrtbase.dll
0x00007ffa7ba30000 - 0x00007ffa7ba4b000 	C:\Program Files\Java\jdk-17.0.10\bin\VCRUNTIME140.dll
0x00007ffa80e30000 - 0x00007ffa80e49000 	C:\Program Files\Java\jdk-17.0.10\bin\jli.dll
0x00007ffab78b0000 - 0x00007ffab7962000 	C:\WINDOWS\System32\ADVAPI32.dll
0x00007ffab7230000 - 0x00007ffab72d7000 	C:\WINDOWS\System32\msvcrt.dll
0x00007ffab6be0000 - 0x00007ffab6c89000 	C:\WINDOWS\System32\sechost.dll
0x00007ffab56d0000 - 0x00007ffab56f8000 	C:\WINDOWS\System32\bcrypt.dll
0x00007ffab70b0000 - 0x00007ffab71c4000 	C:\WINDOWS\System32\RPCRT4.dll
0x00007ffab6f00000 - 0x00007ffab70ae000 	C:\WINDOWS\System32\USER32.dll
0x00007ffab5f80000 - 0x00007ffab5fa6000 	C:\WINDOWS\System32\win32u.dll
0x00007ffab6ae0000 - 0x00007ffab6b09000 	C:\WINDOWS\System32\GDI32.dll
0x00007ffab5700000 - 0x00007ffab5819000 	C:\WINDOWS\System32\gdi32full.dll
0x00007ffab5820000 - 0x00007ffab58ba000 	C:\WINDOWS\System32\msvcp_win.dll
0x00007ffa9e7d0000 - 0x00007ffa9ea63000 	C:\WINDOWS\WinSxS\amd64_microsoft.windows.common-controls_6595b64144ccf1df_6.0.22621.3672_none_2713b9d173822955\COMCTL32.dll
0x00007ffaad880000 - 0x00007ffaad88a000 	C:\WINDOWS\SYSTEM32\VERSION.dll
0x00007ffab6110000 - 0x00007ffab6141000 	C:\WINDOWS\System32\IMM32.DLL
0x00007ffaaf130000 - 0x00007ffaaf13c000 	C:\Program Files\Java\jdk-17.0.10\bin\vcruntime140_1.dll
0x00007ffa6df90000 - 0x00007ffa6e01e000 	C:\Program Files\Java\jdk-17.0.10\bin\msvcp140.dll
0x00007ffa41fc0000 - 0x00007ffa42b9f000 	C:\Program Files\Java\jdk-17.0.10\bin\server\jvm.dll
0x00007ffab65f0000 - 0x00007ffab65f8000 	C:\WINDOWS\System32\PSAPI.DLL
0x00007ffab1520000 - 0x00007ffab1529000 	C:\WINDOWS\SYSTEM32\WSOCK32.dll
0x00007ffaade80000 - 0x00007ffaadeb4000 	C:\WINDOWS\SYSTEM32\WINMM.dll
0x00007ffab5fb0000 - 0x00007ffab6021000 	C:\WINDOWS\System32\WS2_32.dll
0x00007ffab4590000 - 0x00007ffab45a8000 	C:\WINDOWS\SYSTEM32\kernel.appcore.dll
0x00007ffa80e60000 - 0x00007ffa80e6a000 	C:\Program Files\Java\jdk-17.0.10\bin\jimage.dll
0x00007ffab2db0000 - 0x00007ffab2fe2000 	C:\WINDOWS\SYSTEM32\DBGHELP.DLL
0x00007ffab6160000 - 0x00007ffab64e8000 	C:\WINDOWS\System32\combase.dll
0x00007ffab7750000 - 0x00007ffab7827000 	C:\WINDOWS\System32\OLEAUT32.dll
0x00007ffaa76f0000 - 0x00007ffaa7722000 	C:\WINDOWS\SYSTEM32\dbgcore.DLL
0x00007ffab5d90000 - 0x00007ffab5e0b000 	C:\WINDOWS\System32\bcryptPrimitives.dll
0x00007ffa79e80000 - 0x00007ffa79e8e000 	C:\Program Files\Java\jdk-17.0.10\bin\instrument.dll
0x00007ffa6df60000 - 0x00007ffa6df85000 	C:\Program Files\Java\jdk-17.0.10\bin\java.dll
0x00007ffa6b960000 - 0x00007ffa6ba37000 	C:\Program Files\Java\jdk-17.0.10\bin\jsvml.dll
0x00007ffab79d0000 - 0x00007ffab822f000 	C:\WINDOWS\System32\SHELL32.dll
0x00007ffab34a0000 - 0x00007ffab3d9c000 	C:\WINDOWS\SYSTEM32\windows.storage.dll
0x00007ffab3360000 - 0x00007ffab349f000 	C:\WINDOWS\SYSTEM32\wintypes.dll
0x00007ffab64f0000 - 0x00007ffab65e4000 	C:\WINDOWS\System32\SHCORE.dll
0x00007ffab7970000 - 0x00007ffab79ce000 	C:\WINDOWS\System32\shlwapi.dll
0x00007ffab54d0000 - 0x00007ffab54f1000 	C:\WINDOWS\SYSTEM32\profapi.dll
0x00007ffa6df40000 - 0x00007ffa6df58000 	C:\Program Files\Java\jdk-17.0.10\bin\zip.dll
0x00007ffa78f00000 - 0x00007ffa78f19000 	C:\Program Files\Java\jdk-17.0.10\bin\net.dll
0x00007ffab0f00000 - 0x00007ffab1036000 	C:\WINDOWS\SYSTEM32\WINHTTP.dll
0x00007ffab49f0000 - 0x00007ffab4a59000 	C:\WINDOWS\system32\mswsock.dll
0x00007ffa724c0000 - 0x00007ffa724d6000 	C:\Program Files\Java\jdk-17.0.10\bin\nio.dll
0x00007ffa6dee0000 - 0x00007ffa6defa000 	C:\Users\Admin\IntelliJ IDEA Community Edition 2024.1.4\bin\breakgen64.dll
0x00007ffa7c9f0000 - 0x00007ffa7c9fa000 	C:\Program Files\Java\jdk-17.0.10\bin\management.dll
0x00007ffa7b640000 - 0x00007ffa7b64b000 	C:\Program Files\Java\jdk-17.0.10\bin\management_ext.dll
0x00007ffa7a0c0000 - 0x00007ffa7a0ce000 	C:\Program Files\Java\jdk-17.0.10\bin\sunmscapi.dll
0x00007ffab5e10000 - 0x00007ffab5f77000 	C:\WINDOWS\System32\CRYPT32.dll
0x00007ffab4e40000 - 0x00007ffab4e6e000 	C:\WINDOWS\SYSTEM32\ncrypt.dll
0x00007ffab4e00000 - 0x00007ffab4e37000 	C:\WINDOWS\SYSTEM32\NTASN1.dll
0x00007ffa796f0000 - 0x00007ffa79700000 	C:\Program Files\Java\jdk-17.0.10\bin\verify.dll
0x00007ffab4d40000 - 0x00007ffab4d5b000 	C:\WINDOWS\SYSTEM32\CRYPTSP.dll
0x00007ffab44f0000 - 0x00007ffab4525000 	C:\WINDOWS\system32\rsaenh.dll
0x00007ffab4a90000 - 0x00007ffab4ab8000 	C:\WINDOWS\SYSTEM32\USERENV.dll
0x00007ffab4d20000 - 0x00007ffab4d2c000 	C:\WINDOWS\SYSTEM32\CRYPTBASE.dll
0x00007ffab4000000 - 0x00007ffab402d000 	C:\WINDOWS\SYSTEM32\IPHLPAPI.DLL
0x00007ffab6cb0000 - 0x00007ffab6cb9000 	C:\WINDOWS\System32\NSI.dll
0x00007ffab0ee0000 - 0x00007ffab0ef9000 	C:\WINDOWS\SYSTEM32\dhcpcsvc6.DLL
0x00007ffab0ec0000 - 0x00007ffab0edf000 	C:\WINDOWS\SYSTEM32\dhcpcsvc.DLL
0x00007ffab4030000 - 0x00007ffab4128000 	C:\WINDOWS\SYSTEM32\DNSAPI.dll
0x00007ffaacee0000 - 0x00007ffaaceea000 	C:\Windows\System32\rasadhlp.dll
0x00007ffaae240000 - 0x00007ffaae2c3000 	C:\WINDOWS\System32\fwpuclnt.dll
0x00007ffa7b9e0000 - 0x00007ffa7b9e8000 	C:\WINDOWS\system32\wshunix.dll
0x00007ffa9f330000 - 0x00007ffa9f347000 	C:\WINDOWS\system32\napinsp.dll
0x00007ffa9f310000 - 0x00007ffa9f32b000 	C:\WINDOWS\system32\pnrpnsp.dll
0x00007ffa9f2c0000 - 0x00007ffa9f2d1000 	C:\WINDOWS\System32\winrnr.dll
0x00007ffaad680000 - 0x00007ffaad695000 	C:\WINDOWS\system32\wshbth.dll
0x00007ffa9f270000 - 0x00007ffa9f297000 	C:\WINDOWS\system32\nlansp_c.dll

dbghelp: loaded successfully - version: 4.0.5 - missing functions: none
symbol engine: initialized successfully - sym options: 0x614 - pdb path: .;C:\Program Files\Java\jdk-17.0.10\bin;C:\WINDOWS\SYSTEM32;C:\WINDOWS\WinSxS\amd64_microsoft.windows.common-controls_6595b64144ccf1df_6.0.22621.3672_none_2713b9d173822955;C:\Program Files\Java\jdk-17.0.10\bin\server;C:\Users\Admin\IntelliJ IDEA Community Edition 2024.1.4\bin

VM Arguments:
jvm_args: -javaagent:C:\Users\Admin\IntelliJ IDEA Community Edition 2024.1.4\lib\idea_rt.jar=65472:C:\Users\Admin\IntelliJ IDEA Community Edition 2024.1.4\bin -Dfile.encoding=UTF-8 -Dsun.stdout.encoding=UTF-8 -Dsun.stderr.encoding=UTF-8 
java_command: com.project.supershop.SupershopApplication
java_class_path (initial): D:\Aptech\Sem4 Project\BackEnd\SuperShop-API\target\classes;C:\Users\Admin\.m2\repository\org\springframework\spring-webflux\6.1.8\spring-webflux-6.1.8.jar;C:\Users\Admin\.m2\repository\org\springframework\spring-beans\6.1.8\spring-beans-6.1.8.jar;C:\Users\Admin\.m2\repository\org\springframework\spring-core\6.1.8\spring-core-6.1.8.jar;C:\Users\Admin\.m2\repository\org\springframework\spring-jcl\6.1.8\spring-jcl-6.1.8.jar;C:\Users\Admin\.m2\repository\org\springframework\spring-web\6.1.8\spring-web-6.1.8.jar;C:\Users\Admin\.m2\repository\io\micrometer\micrometer-observation\1.13.0\micrometer-observation-1.13.0.jar;C:\Users\Admin\.m2\repository\io\micrometer\micrometer-commons\1.13.0\micrometer-commons-1.13.0.jar;C:\Users\Admin\.m2\repository\io\projectreactor\reactor-core\3.6.6\reactor-core-3.6.6.jar;C:\Users\Admin\.m2\repository\org\reactivestreams\reactive-streams\1.0.4\reactive-streams-1.0.4.jar;C:\Users\Admin\.m2\repository\com\google\api-client\google-api-client\2.2.0\google-api-client-2.2.0.jar;C:\Users\Admin\.m2\repository\commons-codec\commons-codec\1.16.1\commons-codec-1.16.1.jar;C:\Users\Admin\.m2\repository\com\google\oauth-client\google-oauth-client\1.34.1\google-oauth-client-1.34.1.jar;C:\Users\Admin\.m2\repository\com\google\http-client\google-http-client-gson\1.42.3\google-http-client-gson-1.42.3.jar;C:\Users\Admin\.m2\repository\com\google\guava\guava\31.1-jre\guava-31.1-jre.jar;C:\Users\Admin\.m2\repository\com\google\guava\failureaccess\1.0.1\failureaccess-1.0.1.jar;C:\Users\Admin\.m2\repository\com\google\guava\listenablefuture\9999.0-empty-to-avoid-conflict-with-guava\listenablefuture-9999.0-empty-to-avoid-conflict-with-guava.jar;C:\Users\Admin\.m2\repository\com\google\code\findbugs\jsr305\3.0.2\jsr305-3.0.2.jar;C:\Users\Admin\.m2\repository\org\checkerframework\checker-qual\3.12.0\checker-qual-3.12.0.jar;C:\Users\Admin\.m2\repository\com\google\errorprone\error_prone_annotations\2.11.0\error_prone_annotations-2.11.0
Launcher Type: SUN_STANDARD

[Global flags]
     intx CICompilerCount                          = 4                                         {product} {ergonomic}
     uint ConcGCThreads                            = 2                                         {product} {ergonomic}
     uint G1ConcRefinementThreads                  = 8                                         {product} {ergonomic}
   size_t G1HeapRegionSize                         = 1048576                                   {product} {ergonomic}
    uintx GCDrainStackTargetSize                   = 64                                        {product} {ergonomic}
   size_t InitialHeapSize                          = 130023424                                 {product} {ergonomic}
   size_t MarkStackSize                            = 4194304                                   {product} {ergonomic}
   size_t MaxHeapSize                              = 2076180480                                {product} {ergonomic}
   size_t MaxNewSize                               = 1245708288                                {product} {ergonomic}
   size_t MinHeapDeltaBytes                        = 1048576                                   {product} {ergonomic}
   size_t MinHeapSize                              = 8388608                                   {product} {ergonomic}
    uintx NonNMethodCodeHeapSize                   = 5839372                                {pd product} {ergonomic}
    uintx NonProfiledCodeHeapSize                  = 122909434                              {pd product} {ergonomic}
    uintx ProfiledCodeHeapSize                     = 122909434                              {pd product} {ergonomic}
    uintx ReservedCodeCacheSize                    = 251658240                              {pd product} {ergonomic}
     bool SegmentedCodeCache                       = true                                      {product} {ergonomic}
   size_t SoftMaxHeapSize                          = 2076180480                             {manageable} {ergonomic}
     bool UseCompressedClassPointers               = true                           {product lp64_product} {ergonomic}
     bool UseCompressedOops                        = true                           {product lp64_product} {ergonomic}
     bool UseG1GC                                  = true                                      {product} {ergonomic}
     bool UseLargePagesIndividualAllocation        = false                                  {pd product} {ergonomic}

Logging:
Log output configuration:
 #0: stdout all=warning uptime,level,tags
 #1: stderr all=off uptime,level,tags

Environment Variables:
PATH=C:\Python311\Scripts\;C:\Python311\;C:\Program Files\Common Files\Oracle\Java\javapath;C:\ProgramData\Oracle\Java\javapath;C:\Program Files (x86)\Common Files\Oracle\Java\javapath;C:\Program Files (x86)\NVIDIA Corporation\PhysX\Common;C:\WINDOWS\system32;C:\WINDOWS;C:\WINDOWS\System32\Wbem;C:\WINDOWS\System32\WindowsPowerShell\v1.0\;C:\WINDOWS\System32\OpenSSH\;C:\WINDOWS\system32;C:\WINDOWS;C:\WINDOWS\System32\Wbem;C:\WINDOWS\System32\WindowsPowerShell\v1.0\;C:\WINDOWS\System32\OpenSSH\;C:\Program Files\Microsoft SQL Server\Client SDK\ODBC\170\Tools\Binn\;C:\Program Files (x86)\Microsoft SQL Server\150\Tools\Binn\;C:\Program Files\Microsoft SQL Server\150\Tools\Binn\;C:\Program Files\Microsoft SQL Server\150\DTS\Binn\;D:\Aptech\Sem2\Cy l?i Java Script\Liquid Technologies\Liquid Studio\XmlDataBinder20\Redist20\cpp\win32\bin;D:\Aptech\Sem2\Cy l?i Java Script\Liquid Technologies\Liquid Studio\XmlDataBinder20\Redist20\cpp\win64\bin;C:\Program Files\Java\jre1.8.0_51\bin;C:\xampp\php;C:\composer;D:\]minecraft\Git\cmd;D:\]minecraft\;C:\Program Files\dotnet\;C:\Program Files (x86)\Microsoft SQL Server\160\Tools\Binn\;C:\Program Files\Microsoft SQL Server\160\Tools\Binn\;C:\Program Files\Microsoft SQL Server\160\DTS\Binn\;C:\Program Files (x86)\Microsoft SQL Server\160\DTS\Binn\;C:\Program Files\Java\jdk-1.8\bin;C:\Program Files\Docker\Docker\resources\bin;C:\Program Files\Redis\;C:\ProgramData\chocolatey\bin;C:\tools\Manim\Scripts;D:\Aptech\ffmpeg-7.0.1-essentials_build\bin;D:\]minecraft\iverilog\gtkwave\bin;D:\mingw\mingw64\bin\;D:\Visual studio code\Microsoft VS Code\bin;C:\Program Files\Azure Data Studio\bin;D:\]minecraft\Anki\PyCharm Community Edition 2023.1\bin;;C:\Users\Admin\AppData\Roaming\Composer\vendor\bin;C:\Users\Admin\AppData\Roaming\npm;C:\Users\Admin\.dotnet\tools;C:\Program Files\Azure Data Studio\bin;C:\Program Files\Java\jdk-1.8\bin;C:\Users\Admin\AppData\Local\Programs\Python\Python312\;C:\Users\Admin\AppData\Local\Programs\Python\Python312\Scripts\
USERNAME=Admin
OS=Windows_NT
PROCESSOR_IDENTIFIER=Intel64 Family 6 Model 140 Stepping 1, GenuineIntel



---------------  S Y S T E M  ---------------

OS:
 Windows 11 , 64 bit Build 22621 (10.0.22621.3672)
OS uptime: 1 days 2:38 hours
Hyper-V role detected

CPU: total 8 (initial active 8) (4 cores per cpu, 2 threads per core) family 6 model 140 stepping 1 microcode 0xb4, cx8, cmov, fxsr, ht, mmx, 3dnowpref, sse, sse2, sse3, ssse3, sse4.1, sse4.2, popcnt, lzcnt, tsc, tscinvbit, avx, avx2, aes, erms, clmul, bmi1, bmi2, adx, avx512f, avx512dq, avx512cd, avx512bw, avx512vl, sha, fma, vzeroupper, avx512_vpopcntdq, avx512_vpclmulqdq, avx512_vaes, avx512_vnni, clflush, clflushopt, clwb, avx512_vbmi2, avx512_vbmi, hv

Memory: 4k page, system-wide physical 7914M (363M free)
TotalPageFile size 16583M (AvailPageFile size 8M)
current process WorkingSet (physical memory assigned to process): 453M, peak: 454M
current process commit charge ("private bytes"): 527M, peak: 530M

vm_info: Java HotSpot(TM) 64-Bit Server VM (17.0.10+11-LTS-240) for windows-amd64 JRE (17.0.10+11-LTS-240), built on Dec 19 2023 21:47:25 by "mach5one" with MS VC++ 17.1 (VS2022)

END.
